
AVRASM ver. 2.1.30  C:\Users\AKRAM\Desktop\Micro Project\Code1\Debug\List\control.asm Tue Jan 07 12:54:20 2020

C:\Users\AKRAM\Desktop\Micro Project\Code1\Debug\List\control.asm(1095): warning: Register r4 already defined by the .DEF directive
C:\Users\AKRAM\Desktop\Micro Project\Code1\Debug\List\control.asm(1096): warning: Register r5 already defined by the .DEF directive
C:\Users\AKRAM\Desktop\Micro Project\Code1\Debug\List\control.asm(1097): warning: Register r6 already defined by the .DEF directive
C:\Users\AKRAM\Desktop\Micro Project\Code1\Debug\List\control.asm(1098): warning: Register r7 already defined by the .DEF directive
C:\Users\AKRAM\Desktop\Micro Project\Code1\Debug\List\control.asm(1099): warning: Register r8 already defined by the .DEF directive
C:\Users\AKRAM\Desktop\Micro Project\Code1\Debug\List\control.asm(1100): warning: Register r9 already defined by the .DEF directive
C:\Users\AKRAM\Desktop\Micro Project\Code1\Debug\List\control.asm(1101): warning: Register r10 already defined by the .DEF directive
C:\Users\AKRAM\Desktop\Micro Project\Code1\Debug\List\control.asm(1102): warning: Register r11 already defined by the .DEF directive
C:\Users\AKRAM\Desktop\Micro Project\Code1\Debug\List\control.asm(1103): warning: Register r12 already defined by the .DEF directive
C:\Users\AKRAM\Desktop\Micro Project\Code1\Debug\List\control.asm(1104): warning: Register r13 already defined by the .DEF directive
                 
                 
                 ;CodeVisionAVR C Compiler V3.37 Evaluation
                 ;(C) Copyright 1998-2019 Pavel Haiduc, HP InfoTech s.r.l.
                 ;http://www.hpinfotech.com
                 
                 ;Build configuration    : Debug
                 ;Chip type              : ATmega16A
                 ;Program type           : Application
                 ;Clock frequency        : 8.000000 MHz
                 ;Memory model           : Small
                 ;Optimize for           : Size
                 ;(s)printf features     : int, width
                 ;(s)scanf features      : int, width
                 ;External RAM size      : 0
                 ;Data Stack size        : 256 byte(s)
                 ;Heap size              : 0 byte(s)
                 ;Promote 'char' to 'int': Yes
                 ;'char' is unsigned     : Yes
                 ;8 bit enums            : Yes
                 ;Global 'const' stored in FLASH: Yes
                 ;Enhanced function parameter passing: Mode 2
                 ;Enhanced core instructions: On
                 ;Automatic register allocation for global variables: On
                 ;Smart register allocation: On
                 
                 	#define _MODEL_SMALL_
                 
                 	#pragma AVRPART ADMIN PART_NAME ATmega16A
                 	#pragma AVRPART MEMORY PROG_FLASH 16384
                 	#pragma AVRPART MEMORY EEPROM 512
                 	#pragma AVRPART MEMORY INT_SRAM SIZE 1024
                 	#pragma AVRPART MEMORY INT_SRAM START_ADDR 0x60
                 
                 	#define CALL_SUPPORTED 1
                 
                 	.LISTMAC
                 	.EQU UDRE=0x5
                 	.EQU RXC=0x7
                 	.EQU USR=0xB
                 	.EQU UDR=0xC
                 	.EQU SPSR=0xE
                 	.EQU SPDR=0xF
                 	.EQU EERE=0x0
                 	.EQU EEWE=0x1
                 	.EQU EEMWE=0x2
                 	.EQU EECR=0x1C
                 	.EQU EEDR=0x1D
                 	.EQU EEARL=0x1E
                 	.EQU EEARH=0x1F
                 	.EQU WDTCR=0x21
                 	.EQU MCUCR=0x35
                 	.EQU GICR=0x3B
                 	.EQU SPL=0x3D
                 	.EQU SPH=0x3E
                 	.EQU SREG=0x3F
                 
                 	.DEF R0X0=R0
                 	.DEF R0X1=R1
                 	.DEF R0X2=R2
                 	.DEF R0X3=R3
                 	.DEF R0X4=R4
                 	.DEF R0X5=R5
                 	.DEF R0X6=R6
                 	.DEF R0X7=R7
                 	.DEF R0X8=R8
                 	.DEF R0X9=R9
                 	.DEF R0XA=R10
                 	.DEF R0XB=R11
                 	.DEF R0XC=R12
                 	.DEF R0XD=R13
                 	.DEF R0XE=R14
                 	.DEF R0XF=R15
                 	.DEF R0X10=R16
                 	.DEF R0X11=R17
                 	.DEF R0X12=R18
                 	.DEF R0X13=R19
                 	.DEF R0X14=R20
                 	.DEF R0X15=R21
                 	.DEF R0X16=R22
                 	.DEF R0X17=R23
                 	.DEF R0X18=R24
                 	.DEF R0X19=R25
                 	.DEF R0X1A=R26
                 	.DEF R0X1B=R27
                 	.DEF R0X1C=R28
                 	.DEF R0X1D=R29
                 	.DEF R0X1E=R30
                 	.DEF R0X1F=R31
                 
                 	.EQU __SRAM_START=0x0060
                 	.EQU __SRAM_END=0x045F
                 	.EQU __DSTACK_SIZE=0x0100
                 	.EQU __HEAP_SIZE=0x0000
                 	.EQU __CLEAR_SRAM_SIZE=__SRAM_END-__SRAM_START+1
                 
                 	.MACRO __CPD1N
                 	CPI  R30,LOW(@0)
                 	LDI  R26,HIGH(@0)
                 	CPC  R31,R26
                 	LDI  R26,BYTE3(@0)
                 	CPC  R22,R26
                 	LDI  R26,BYTE4(@0)
                 	CPC  R23,R26
                 	.ENDM
                 
                 	.MACRO __CPD2N
                 	CPI  R26,LOW(@0)
                 	LDI  R30,HIGH(@0)
                 	CPC  R27,R30
                 	LDI  R30,BYTE3(@0)
                 	CPC  R24,R30
                 	LDI  R30,BYTE4(@0)
                 	CPC  R25,R30
                 	.ENDM
                 
                 	.MACRO __CPWRR
                 	CP   R@0,R@2
                 	CPC  R@1,R@3
                 	.ENDM
                 
                 	.MACRO __CPWRN
                 	CPI  R@0,LOW(@2)
                 	LDI  R30,HIGH(@2)
                 	CPC  R@1,R30
                 	.ENDM
                 
                 	.MACRO __ADDB1MN
                 	SUBI R30,LOW(-@0-(@1))
                 	.ENDM
                 
                 	.MACRO __ADDB2MN
                 	SUBI R26,LOW(-@0-(@1))
                 	.ENDM
                 
                 	.MACRO __ADDW1MN
                 	SUBI R30,LOW(-@0-(@1))
                 	SBCI R31,HIGH(-@0-(@1))
                 	.ENDM
                 
                 	.MACRO __ADDW2MN
                 	SUBI R26,LOW(-@0-(@1))
                 	SBCI R27,HIGH(-@0-(@1))
                 	.ENDM
                 
                 	.MACRO __ADDW1FN
                 	SUBI R30,LOW(-2*@0-(@1))
                 	SBCI R31,HIGH(-2*@0-(@1))
                 	.ENDM
                 
                 	.MACRO __ADDD1FN
                 	SUBI R30,LOW(-2*@0-(@1))
                 	SBCI R31,HIGH(-2*@0-(@1))
                 	SBCI R22,BYTE3(-2*@0-(@1))
                 	.ENDM
                 
                 	.MACRO __ADDD1N
                 	SUBI R30,LOW(-@0)
                 	SBCI R31,HIGH(-@0)
                 	SBCI R22,BYTE3(-@0)
                 	SBCI R23,BYTE4(-@0)
                 	.ENDM
                 
                 	.MACRO __ADDD2N
                 	SUBI R26,LOW(-@0)
                 	SBCI R27,HIGH(-@0)
                 	SBCI R24,BYTE3(-@0)
                 	SBCI R25,BYTE4(-@0)
                 	.ENDM
                 
                 	.MACRO __SUBD1N
                 	SUBI R30,LOW(@0)
                 	SBCI R31,HIGH(@0)
                 	SBCI R22,BYTE3(@0)
                 	SBCI R23,BYTE4(@0)
                 	.ENDM
                 
                 	.MACRO __SUBD2N
                 	SUBI R26,LOW(@0)
                 	SBCI R27,HIGH(@0)
                 	SBCI R24,BYTE3(@0)
                 	SBCI R25,BYTE4(@0)
                 	.ENDM
                 
                 	.MACRO __ANDBMNN
                 	LDS  R30,@0+(@1)
                 	ANDI R30,LOW(@2)
                 	STS  @0+(@1),R30
                 	.ENDM
                 
                 	.MACRO __ANDWMNN
                 	LDS  R30,@0+(@1)
                 	ANDI R30,LOW(@2)
                 	STS  @0+(@1),R30
                 	LDS  R30,@0+(@1)+1
                 	ANDI R30,HIGH(@2)
                 	STS  @0+(@1)+1,R30
                 	.ENDM
                 
                 	.MACRO __ANDD1N
                 	ANDI R30,LOW(@0)
                 	ANDI R31,HIGH(@0)
                 	ANDI R22,BYTE3(@0)
                 	ANDI R23,BYTE4(@0)
                 	.ENDM
                 
                 	.MACRO __ANDD2N
                 	ANDI R26,LOW(@0)
                 	ANDI R27,HIGH(@0)
                 	ANDI R24,BYTE3(@0)
                 	ANDI R25,BYTE4(@0)
                 	.ENDM
                 
                 	.MACRO __ORBMNN
                 	LDS  R30,@0+(@1)
                 	ORI  R30,LOW(@2)
                 	STS  @0+(@1),R30
                 	.ENDM
                 
                 	.MACRO __ORWMNN
                 	LDS  R30,@0+(@1)
                 	ORI  R30,LOW(@2)
                 	STS  @0+(@1),R30
                 	LDS  R30,@0+(@1)+1
                 	ORI  R30,HIGH(@2)
                 	STS  @0+(@1)+1,R30
                 	.ENDM
                 
                 	.MACRO __ORD1N
                 	ORI  R30,LOW(@0)
                 	ORI  R31,HIGH(@0)
                 	ORI  R22,BYTE3(@0)
                 	ORI  R23,BYTE4(@0)
                 	.ENDM
                 
                 	.MACRO __ORD2N
                 	ORI  R26,LOW(@0)
                 	ORI  R27,HIGH(@0)
                 	ORI  R24,BYTE3(@0)
                 	ORI  R25,BYTE4(@0)
                 	.ENDM
                 
                 	.MACRO __DELAY_USB
                 	LDI  R24,LOW(@0)
                 __DELAY_USB_LOOP:
                 	DEC  R24
                 	BRNE __DELAY_USB_LOOP
                 	.ENDM
                 
                 	.MACRO __DELAY_USW
                 	LDI  R24,LOW(@0)
                 	LDI  R25,HIGH(@0)
                 __DELAY_USW_LOOP:
                 	SBIW R24,1
                 	BRNE __DELAY_USW_LOOP
                 	.ENDM
                 
                 	.MACRO __GETD1S
                 	LDD  R30,Y+@0
                 	LDD  R31,Y+@0+1
                 	LDD  R22,Y+@0+2
                 	LDD  R23,Y+@0+3
                 	.ENDM
                 
                 	.MACRO __GETD2S
                 	LDD  R26,Y+@0
                 	LDD  R27,Y+@0+1
                 	LDD  R24,Y+@0+2
                 	LDD  R25,Y+@0+3
                 	.ENDM
                 
                 	.MACRO __PUTD1S
                 	STD  Y+@0,R30
                 	STD  Y+@0+1,R31
                 	STD  Y+@0+2,R22
                 	STD  Y+@0+3,R23
                 	.ENDM
                 
                 	.MACRO __PUTD2S
                 	STD  Y+@0,R26
                 	STD  Y+@0+1,R27
                 	STD  Y+@0+2,R24
                 	STD  Y+@0+3,R25
                 	.ENDM
                 
                 	.MACRO __PUTDZ2
                 	STD  Z+@0,R26
                 	STD  Z+@0+1,R27
                 	STD  Z+@0+2,R24
                 	STD  Z+@0+3,R25
                 	.ENDM
                 
                 	.MACRO __CLRD1S
                 	STD  Y+@0,R30
                 	STD  Y+@0+1,R30
                 	STD  Y+@0+2,R30
                 	STD  Y+@0+3,R30
                 	.ENDM
                 
                 	.MACRO __POINTB1MN
                 	LDI  R30,LOW(@0+(@1))
                 	.ENDM
                 
                 	.MACRO __POINTW1MN
                 	LDI  R30,LOW(@0+(@1))
                 	LDI  R31,HIGH(@0+(@1))
                 	.ENDM
                 
                 	.MACRO __POINTD1M
                 	LDI  R30,LOW(@0)
                 	LDI  R31,HIGH(@0)
                 	LDI  R22,BYTE3(@0)
                 	LDI  R23,BYTE4(@0)
                 	.ENDM
                 
                 	.MACRO __POINTW1FN
                 	LDI  R30,LOW(2*@0+(@1))
                 	LDI  R31,HIGH(2*@0+(@1))
                 	.ENDM
                 
                 	.MACRO __POINTD1FN
                 	LDI  R30,LOW(2*@0+(@1))
                 	LDI  R31,HIGH(2*@0+(@1))
                 	LDI  R22,BYTE3(2*@0+(@1))
                 	LDI  R23,BYTE4(2*@0+(@1))
                 	.ENDM
                 
                 	.MACRO __POINTB2MN
                 	LDI  R26,LOW(@0+(@1))
                 	.ENDM
                 
                 	.MACRO __POINTW2MN
                 	LDI  R26,LOW(@0+(@1))
                 	LDI  R27,HIGH(@0+(@1))
                 	.ENDM
                 
                 	.MACRO __POINTD2M
                 	LDI  R26,LOW(@0)
                 	LDI  R27,HIGH(@0)
                 	LDI  R24,BYTE3(@0)
                 	LDI  R25,BYTE4(@0)
                 	.ENDM
                 
                 	.MACRO __POINTW2FN
                 	LDI  R26,LOW(2*@0+(@1))
                 	LDI  R27,HIGH(2*@0+(@1))
                 	.ENDM
                 
                 	.MACRO __POINTD2FN
                 	LDI  R26,LOW(2*@0+(@1))
                 	LDI  R27,HIGH(2*@0+(@1))
                 	LDI  R24,BYTE3(2*@0+(@1))
                 	LDI  R25,BYTE4(2*@0+(@1))
                 	.ENDM
                 
                 	.MACRO __POINTBRM
                 	LDI  R@0,LOW(@1)
                 	.ENDM
                 
                 	.MACRO __POINTWRM
                 	LDI  R@0,LOW(@2)
                 	LDI  R@1,HIGH(@2)
                 	.ENDM
                 
                 	.MACRO __POINTBRMN
                 	LDI  R@0,LOW(@1+(@2))
                 	.ENDM
                 
                 	.MACRO __POINTWRMN
                 	LDI  R@0,LOW(@2+(@3))
                 	LDI  R@1,HIGH(@2+(@3))
                 	.ENDM
                 
                 	.MACRO __POINTWRFN
                 	LDI  R@0,LOW(@2*2+(@3))
                 	LDI  R@1,HIGH(@2*2+(@3))
                 	.ENDM
                 
                 	.MACRO __GETD1N
                 	LDI  R30,LOW(@0)
                 	LDI  R31,HIGH(@0)
                 	LDI  R22,BYTE3(@0)
                 	LDI  R23,BYTE4(@0)
                 	.ENDM
                 
                 	.MACRO __GETD2N
                 	LDI  R26,LOW(@0)
                 	LDI  R27,HIGH(@0)
                 	LDI  R24,BYTE3(@0)
                 	LDI  R25,BYTE4(@0)
                 	.ENDM
                 
                 	.MACRO __GETB1MN
                 	LDS  R30,@0+(@1)
                 	.ENDM
                 
                 	.MACRO __GETB1HMN
                 	LDS  R31,@0+(@1)
                 	.ENDM
                 
                 	.MACRO __GETW1MN
                 	LDS  R30,@0+(@1)
                 	LDS  R31,@0+(@1)+1
                 	.ENDM
                 
                 	.MACRO __GETD1MN
                 	LDS  R30,@0+(@1)
                 	LDS  R31,@0+(@1)+1
                 	LDS  R22,@0+(@1)+2
                 	LDS  R23,@0+(@1)+3
                 	.ENDM
                 
                 	.MACRO __GETBRMN
                 	LDS  R@0,@1+(@2)
                 	.ENDM
                 
                 	.MACRO __GETWRMN
                 	LDS  R@0,@2+(@3)
                 	LDS  R@1,@2+(@3)+1
                 	.ENDM
                 
                 	.MACRO __GETWRZ
                 	LDD  R@0,Z+@2
                 	LDD  R@1,Z+@2+1
                 	.ENDM
                 
                 	.MACRO __GETD2Z
                 	LDD  R26,Z+@0
                 	LDD  R27,Z+@0+1
                 	LDD  R24,Z+@0+2
                 	LDD  R25,Z+@0+3
                 	.ENDM
                 
                 	.MACRO __GETB2MN
                 	LDS  R26,@0+(@1)
                 	.ENDM
                 
                 	.MACRO __GETW2MN
                 	LDS  R26,@0+(@1)
                 	LDS  R27,@0+(@1)+1
                 	.ENDM
                 
                 	.MACRO __GETD2MN
                 	LDS  R26,@0+(@1)
                 	LDS  R27,@0+(@1)+1
                 	LDS  R24,@0+(@1)+2
                 	LDS  R25,@0+(@1)+3
                 	.ENDM
                 
                 	.MACRO __PUTB1MN
                 	STS  @0+(@1),R30
                 	.ENDM
                 
                 	.MACRO __PUTW1MN
                 	STS  @0+(@1),R30
                 	STS  @0+(@1)+1,R31
                 	.ENDM
                 
                 	.MACRO __PUTD1MN
                 	STS  @0+(@1),R30
                 	STS  @0+(@1)+1,R31
                 	STS  @0+(@1)+2,R22
                 	STS  @0+(@1)+3,R23
                 	.ENDM
                 
                 	.MACRO __PUTB1EN
                 	LDI  R26,LOW(@0+(@1))
                 	LDI  R27,HIGH(@0+(@1))
                 	CALL __EEPROMWRB
                 	.ENDM
                 
                 	.MACRO __PUTW1EN
                 	LDI  R26,LOW(@0+(@1))
                 	LDI  R27,HIGH(@0+(@1))
                 	CALL __EEPROMWRW
                 	.ENDM
                 
                 	.MACRO __PUTD1EN
                 	LDI  R26,LOW(@0+(@1))
                 	LDI  R27,HIGH(@0+(@1))
                 	CALL __EEPROMWRD
                 	.ENDM
                 
                 	.MACRO __PUTBR0MN
                 	STS  @0+(@1),R0
                 	.ENDM
                 
                 	.MACRO __PUTBMRN
                 	STS  @0+(@1),R@2
                 	.ENDM
                 
                 	.MACRO __PUTWMRN
                 	STS  @0+(@1),R@2
                 	STS  @0+(@1)+1,R@3
                 	.ENDM
                 
                 	.MACRO __PUTBZR
                 	STD  Z+@1,R@0
                 	.ENDM
                 
                 	.MACRO __PUTWZR
                 	STD  Z+@2,R@0
                 	STD  Z+@2+1,R@1
                 	.ENDM
                 
                 	.MACRO __GETW1R
                 	MOV  R30,R@0
                 	MOV  R31,R@1
                 	.ENDM
                 
                 	.MACRO __GETW2R
                 	MOV  R26,R@0
                 	MOV  R27,R@1
                 	.ENDM
                 
                 	.MACRO __GETWRN
                 	LDI  R@0,LOW(@2)
                 	LDI  R@1,HIGH(@2)
                 	.ENDM
                 
                 	.MACRO __PUTW1R
                 	MOV  R@0,R30
                 	MOV  R@1,R31
                 	.ENDM
                 
                 	.MACRO __PUTW2R
                 	MOV  R@0,R26
                 	MOV  R@1,R27
                 	.ENDM
                 
                 	.MACRO __ADDWRN
                 	SUBI R@0,LOW(-@2)
                 	SBCI R@1,HIGH(-@2)
                 	.ENDM
                 
                 	.MACRO __ADDWRR
                 	ADD  R@0,R@2
                 	ADC  R@1,R@3
                 	.ENDM
                 
                 	.MACRO __SUBWRN
                 	SUBI R@0,LOW(@2)
                 	SBCI R@1,HIGH(@2)
                 	.ENDM
                 
                 	.MACRO __SUBWRR
                 	SUB  R@0,R@2
                 	SBC  R@1,R@3
                 	.ENDM
                 
                 	.MACRO __ANDWRN
                 	ANDI R@0,LOW(@2)
                 	ANDI R@1,HIGH(@2)
                 	.ENDM
                 
                 	.MACRO __ANDWRR
                 	AND  R@0,R@2
                 	AND  R@1,R@3
                 	.ENDM
                 
                 	.MACRO __ORWRN
                 	ORI  R@0,LOW(@2)
                 	ORI  R@1,HIGH(@2)
                 	.ENDM
                 
                 	.MACRO __ORWRR
                 	OR   R@0,R@2
                 	OR   R@1,R@3
                 	.ENDM
                 
                 	.MACRO __EORWRR
                 	EOR  R@0,R@2
                 	EOR  R@1,R@3
                 	.ENDM
                 
                 	.MACRO __GETWRS
                 	LDD  R@0,Y+@2
                 	LDD  R@1,Y+@2+1
                 	.ENDM
                 
                 	.MACRO __PUTBSR
                 	STD  Y+@1,R@0
                 	.ENDM
                 
                 	.MACRO __PUTWSR
                 	STD  Y+@2,R@0
                 	STD  Y+@2+1,R@1
                 	.ENDM
                 
                 	.MACRO __MOVEWRR
                 	MOV  R@0,R@2
                 	MOV  R@1,R@3
                 	.ENDM
                 
                 	.MACRO __INWR
                 	IN   R@0,@2
                 	IN   R@1,@2+1
                 	.ENDM
                 
                 	.MACRO __OUTWR
                 	OUT  @2+1,R@1
                 	OUT  @2,R@0
                 	.ENDM
                 
                 	.MACRO __CALL1MN
                 	LDS  R30,@0+(@1)
                 	LDS  R31,@0+(@1)+1
                 	ICALL
                 	.ENDM
                 
                 	.MACRO __CALL1FN
                 	LDI  R30,LOW(2*@0+(@1))
                 	LDI  R31,HIGH(2*@0+(@1))
                 	CALL __GETW1PF
                 	ICALL
                 	.ENDM
                 
                 	.MACRO __CALL2EN
                 	PUSH R26
                 	PUSH R27
                 	LDI  R26,LOW(@0+(@1))
                 	LDI  R27,HIGH(@0+(@1))
                 	CALL __EEPROMRDW
                 	POP  R27
                 	POP  R26
                 	ICALL
                 	.ENDM
                 
                 	.MACRO __CALL2EX
                 	SUBI R26,LOW(-@0)
                 	SBCI R27,HIGH(-@0)
                 	CALL __EEPROMRDD
                 	ICALL
                 	.ENDM
                 
                 	.MACRO __GETW1STACK
                 	IN   R30,SPL
                 	IN   R31,SPH
                 	ADIW R30,@0+1
                 	LD   R0,Z+
                 	LD   R31,Z
                 	MOV  R30,R0
                 	.ENDM
                 
                 	.MACRO __GETD1STACK
                 	IN   R30,SPL
                 	IN   R31,SPH
                 	ADIW R30,@0+1
                 	LD   R0,Z+
                 	LD   R1,Z+
                 	LD   R22,Z
                 	MOVW R30,R0
                 	.ENDM
                 
                 	.MACRO __NBST
                 	BST  R@0,@1
                 	IN   R30,SREG
                 	LDI  R31,0x40
                 	EOR  R30,R31
                 	OUT  SREG,R30
                 	.ENDM
                 
                 
                 	.MACRO __PUTB1SN
                 	LDD  R26,Y+@0
                 	LDD  R27,Y+@0+1
                 	SUBI R26,LOW(-@1)
                 	SBCI R27,HIGH(-@1)
                 	ST   X,R30
                 	.ENDM
                 
                 	.MACRO __PUTW1SN
                 	LDD  R26,Y+@0
                 	LDD  R27,Y+@0+1
                 	SUBI R26,LOW(-@1)
                 	SBCI R27,HIGH(-@1)
                 	ST   X+,R30
                 	ST   X,R31
                 	.ENDM
                 
                 	.MACRO __PUTD1SN
                 	LDD  R26,Y+@0
                 	LDD  R27,Y+@0+1
                 	SUBI R26,LOW(-@1)
                 	SBCI R27,HIGH(-@1)
                 	CALL __PUTDP1
                 	.ENDM
                 
                 	.MACRO __PUTB1SNS
                 	LDD  R26,Y+@0
                 	LDD  R27,Y+@0+1
                 	ADIW R26,@1
                 	ST   X,R30
                 	.ENDM
                 
                 	.MACRO __PUTW1SNS
                 	LDD  R26,Y+@0
                 	LDD  R27,Y+@0+1
                 	ADIW R26,@1
                 	ST   X+,R30
                 	ST   X,R31
                 	.ENDM
                 
                 	.MACRO __PUTD1SNS
                 	LDD  R26,Y+@0
                 	LDD  R27,Y+@0+1
                 	ADIW R26,@1
                 	CALL __PUTDP1
                 	.ENDM
                 
                 	.MACRO __PUTB1PMN
                 	LDS  R26,@0
                 	LDS  R27,@0+1
                 	SUBI R26,LOW(-@1)
                 	SBCI R27,HIGH(-@1)
                 	ST   X,R30
                 	.ENDM
                 
                 	.MACRO __PUTW1PMN
                 	LDS  R26,@0
                 	LDS  R27,@0+1
                 	SUBI R26,LOW(-@1)
                 	SBCI R27,HIGH(-@1)
                 	ST   X+,R30
                 	ST   X,R31
                 	.ENDM
                 
                 	.MACRO __PUTD1PMN
                 	LDS  R26,@0
                 	LDS  R27,@0+1
                 	SUBI R26,LOW(-@1)
                 	SBCI R27,HIGH(-@1)
                 	CALL __PUTDP1
                 	.ENDM
                 
                 	.MACRO __PUTB1PMNS
                 	LDS  R26,@0
                 	LDS  R27,@0+1
                 	ADIW R26,@1
                 	ST   X,R30
                 	.ENDM
                 
                 	.MACRO __PUTW1PMNS
                 	LDS  R26,@0
                 	LDS  R27,@0+1
                 	ADIW R26,@1
                 	ST   X+,R30
                 	ST   X,R31
                 	.ENDM
                 
                 	.MACRO __PUTD1PMNS
                 	LDS  R26,@0
                 	LDS  R27,@0+1
                 	ADIW R26,@1
                 	CALL __PUTDP1
                 	.ENDM
                 
                 	.MACRO __PUTB1RN
                 	MOVW R26,R@0
                 	SUBI R26,LOW(-@1)
                 	SBCI R27,HIGH(-@1)
                 	ST   X,R30
                 	.ENDM
                 
                 	.MACRO __PUTW1RN
                 	MOVW R26,R@0
                 	SUBI R26,LOW(-@1)
                 	SBCI R27,HIGH(-@1)
                 	ST   X+,R30
                 	ST   X,R31
                 	.ENDM
                 
                 	.MACRO __PUTD1RN
                 	MOVW R26,R@0
                 	SUBI R26,LOW(-@1)
                 	SBCI R27,HIGH(-@1)
                 	CALL __PUTDP1
                 	.ENDM
                 
                 	.MACRO __PUTB1RNS
                 	MOVW R26,R@0
                 	ADIW R26,@1
                 	ST   X,R30
                 	.ENDM
                 
                 	.MACRO __PUTW1RNS
                 	MOVW R26,R@0
                 	ADIW R26,@1
                 	ST   X+,R30
                 	ST   X,R31
                 	.ENDM
                 
                 	.MACRO __PUTD1RNS
                 	MOVW R26,R@0
                 	ADIW R26,@1
                 	CALL __PUTDP1
                 	.ENDM
                 
                 	.MACRO __PUTB1RON
                 	MOV  R26,R@0
                 	MOV  R27,R@1
                 	SUBI R26,LOW(-@2)
                 	SBCI R27,HIGH(-@2)
                 	ST   X,R30
                 	.ENDM
                 
                 	.MACRO __PUTW1RON
                 	MOV  R26,R@0
                 	MOV  R27,R@1
                 	SUBI R26,LOW(-@2)
                 	SBCI R27,HIGH(-@2)
                 	ST   X+,R30
                 	ST   X,R31
                 	.ENDM
                 
                 	.MACRO __PUTD1RON
                 	MOV  R26,R@0
                 	MOV  R27,R@1
                 	SUBI R26,LOW(-@2)
                 	SBCI R27,HIGH(-@2)
                 	CALL __PUTDP1
                 	.ENDM
                 
                 	.MACRO __PUTB1RONS
                 	MOV  R26,R@0
                 	MOV  R27,R@1
                 	ADIW R26,@2
                 	ST   X,R30
                 	.ENDM
                 
                 	.MACRO __PUTW1RONS
                 	MOV  R26,R@0
                 	MOV  R27,R@1
                 	ADIW R26,@2
                 	ST   X+,R30
                 	ST   X,R31
                 	.ENDM
                 
                 	.MACRO __PUTD1RONS
                 	MOV  R26,R@0
                 	MOV  R27,R@1
                 	ADIW R26,@2
                 	CALL __PUTDP1
                 	.ENDM
                 
                 
                 	.MACRO __GETB1SX
                 	MOVW R30,R28
                 	SUBI R30,LOW(-@0)
                 	SBCI R31,HIGH(-@0)
                 	LD   R30,Z
                 	.ENDM
                 
                 	.MACRO __GETB1HSX
                 	MOVW R30,R28
                 	SUBI R30,LOW(-@0)
                 	SBCI R31,HIGH(-@0)
                 	LD   R31,Z
                 	.ENDM
                 
                 	.MACRO __GETW1SX
                 	MOVW R30,R28
                 	SUBI R30,LOW(-@0)
                 	SBCI R31,HIGH(-@0)
                 	LD   R0,Z+
                 	LD   R31,Z
                 	MOV  R30,R0
                 	.ENDM
                 
                 	.MACRO __GETD1SX
                 	MOVW R30,R28
                 	SUBI R30,LOW(-@0)
                 	SBCI R31,HIGH(-@0)
                 	LD   R0,Z+
                 	LD   R1,Z+
                 	LD   R22,Z+
                 	LD   R23,Z
                 	MOVW R30,R0
                 	.ENDM
                 
                 	.MACRO __GETB2SX
                 	MOVW R26,R28
                 	SUBI R26,LOW(-@0)
                 	SBCI R27,HIGH(-@0)
                 	LD   R26,X
                 	.ENDM
                 
                 	.MACRO __GETW2SX
                 	MOVW R26,R28
                 	SUBI R26,LOW(-@0)
                 	SBCI R27,HIGH(-@0)
                 	LD   R0,X+
                 	LD   R27,X
                 	MOV  R26,R0
                 	.ENDM
                 
                 	.MACRO __GETD2SX
                 	MOVW R26,R28
                 	SUBI R26,LOW(-@0)
                 	SBCI R27,HIGH(-@0)
                 	LD   R0,X+
                 	LD   R1,X+
                 	LD   R24,X+
                 	LD   R25,X
                 	MOVW R26,R0
                 	.ENDM
                 
                 	.MACRO __GETBRSX
                 	MOVW R30,R28
                 	SUBI R30,LOW(-@1)
                 	SBCI R31,HIGH(-@1)
                 	LD   R@0,Z
                 	.ENDM
                 
                 	.MACRO __GETWRSX
                 	MOVW R30,R28
                 	SUBI R30,LOW(-@2)
                 	SBCI R31,HIGH(-@2)
                 	LD   R@0,Z+
                 	LD   R@1,Z
                 	.ENDM
                 
                 	.MACRO __GETBRSX2
                 	MOVW R26,R28
                 	SUBI R26,LOW(-@1)
                 	SBCI R27,HIGH(-@1)
                 	LD   R@0,X
                 	.ENDM
                 
                 	.MACRO __GETWRSX2
                 	MOVW R26,R28
                 	SUBI R26,LOW(-@2)
                 	SBCI R27,HIGH(-@2)
                 	LD   R@0,X+
                 	LD   R@1,X
                 	.ENDM
                 
                 	.MACRO __LSLW8SX
                 	MOVW R30,R28
                 	SUBI R30,LOW(-@0)
                 	SBCI R31,HIGH(-@0)
                 	LD   R31,Z
                 	CLR  R30
                 	.ENDM
                 
                 	.MACRO __PUTB1SX
                 	MOVW R26,R28
                 	SUBI R26,LOW(-@0)
                 	SBCI R27,HIGH(-@0)
                 	ST   X,R30
                 	.ENDM
                 
                 	.MACRO __PUTW1SX
                 	MOVW R26,R28
                 	SUBI R26,LOW(-@0)
                 	SBCI R27,HIGH(-@0)
                 	ST   X+,R30
                 	ST   X,R31
                 	.ENDM
                 
                 	.MACRO __PUTD1SX
                 	MOVW R26,R28
                 	SUBI R26,LOW(-@0)
                 	SBCI R27,HIGH(-@0)
                 	ST   X+,R30
                 	ST   X+,R31
                 	ST   X+,R22
                 	ST   X,R23
                 	.ENDM
                 
                 	.MACRO __CLRW1SX
                 	MOVW R26,R28
                 	SUBI R26,LOW(-@0)
                 	SBCI R27,HIGH(-@0)
                 	ST   X+,R30
                 	ST   X,R30
                 	.ENDM
                 
                 	.MACRO __CLRD1SX
                 	MOVW R26,R28
                 	SUBI R26,LOW(-@0)
                 	SBCI R27,HIGH(-@0)
                 	ST   X+,R30
                 	ST   X+,R30
                 	ST   X+,R30
                 	ST   X,R30
                 	.ENDM
                 
                 	.MACRO __PUTB2SX
                 	MOVW R30,R28
                 	SUBI R30,LOW(-@0)
                 	SBCI R31,HIGH(-@0)
                 	ST   Z,R26
                 	.ENDM
                 
                 	.MACRO __PUTW2SX
                 	MOVW R30,R28
                 	SUBI R30,LOW(-@0)
                 	SBCI R31,HIGH(-@0)
                 	ST   Z+,R26
                 	ST   Z,R27
                 	.ENDM
                 
                 	.MACRO __PUTD2SX
                 	MOVW R30,R28
                 	SUBI R30,LOW(-@0)
                 	SBCI R31,HIGH(-@0)
                 	ST   Z+,R26
                 	ST   Z+,R27
                 	ST   Z+,R24
                 	ST   Z,R25
                 	.ENDM
                 
                 	.MACRO __PUTBSRX
                 	MOVW R30,R28
                 	SUBI R30,LOW(-@1)
                 	SBCI R31,HIGH(-@1)
                 	ST   Z,R@0
                 	.ENDM
                 
                 	.MACRO __PUTWSRX
                 	MOVW R30,R28
                 	SUBI R30,LOW(-@2)
                 	SBCI R31,HIGH(-@2)
                 	ST   Z+,R@0
                 	ST   Z,R@1
                 	.ENDM
                 
                 	.MACRO __PUTB1SNX
                 	MOVW R26,R28
                 	SUBI R26,LOW(-@0)
                 	SBCI R27,HIGH(-@0)
                 	LD   R0,X+
                 	LD   R27,X
                 	MOV  R26,R0
                 	SUBI R26,LOW(-@1)
                 	SBCI R27,HIGH(-@1)
                 	ST   X,R30
                 	.ENDM
                 
                 	.MACRO __PUTW1SNX
                 	MOVW R26,R28
                 	SUBI R26,LOW(-@0)
                 	SBCI R27,HIGH(-@0)
                 	LD   R0,X+
                 	LD   R27,X
                 	MOV  R26,R0
                 	SUBI R26,LOW(-@1)
                 	SBCI R27,HIGH(-@1)
                 	ST   X+,R30
                 	ST   X,R31
                 	.ENDM
                 
                 	.MACRO __PUTD1SNX
                 	MOVW R26,R28
                 	SUBI R26,LOW(-@0)
                 	SBCI R27,HIGH(-@0)
                 	LD   R0,X+
                 	LD   R27,X
                 	MOV  R26,R0
                 	SUBI R26,LOW(-@1)
                 	SBCI R27,HIGH(-@1)
                 	ST   X+,R30
                 	ST   X+,R31
                 	ST   X+,R22
                 	ST   X,R23
                 	.ENDM
                 
                 	.MACRO __MULBRR
                 	MULS R@0,R@1
                 	MOVW R30,R0
                 	.ENDM
                 
                 	.MACRO __MULBRRU
                 	MUL  R@0,R@1
                 	MOVW R30,R0
                 	.ENDM
                 
                 	.MACRO __MULBRR0
                 	MULS R@0,R@1
                 	.ENDM
                 
                 	.MACRO __MULBRRU0
                 	MUL  R@0,R@1
                 	.ENDM
                 
                 	.MACRO __MULBNWRU
                 	LDI  R26,@2
                 	MUL  R26,R@0
                 	MOVW R30,R0
                 	MUL  R26,R@1
                 	ADD  R31,R0
                 	.ENDM
                 
                 ;NAME DEFINITIONS FOR GLOBAL VARIABLES ALLOCATED TO REGISTERS
                 	.DEF _x=R4
                 	.DEF _x_msb=R5
                 	.DEF _y=R6
                 	.DEF _y_msb=R7
                 	.DEF _Time1=R8
                 	.DEF _Time1_msb=R9
                 	.DEF _Time2=R10
                 	.DEF _Time2_msb=R11
                 	.DEF _rpm1=R12
                 	.DEF _rpm1_msb=R13
                 
                 	.CSEG
                 	.ORG 0x00
                 
                 ;START OF CODE MARKER
                 __START_OF_CODE:
                 
                 ;INTERRUPT VECTORS
000000 940c 0101 	JMP  __RESET
000002 940c 0179 	JMP  _int0
000004 940c 01b2 	JMP  _int1
000006 940c 0000 	JMP  0x00
000008 940c 0195 	JMP  _timer2_ovf
00000a 940c 0000 	JMP  0x00
00000c 940c 0000 	JMP  0x00
00000e 940c 0000 	JMP  0x00
000010 940c 0000 	JMP  0x00
000012 940c 0184 	JMP  _timer0_ovf
000014 940c 0000 	JMP  0x00
000016 940c 012e 	JMP  _uasrt_rx
000018 940c 0000 	JMP  0x00
00001a 940c 0000 	JMP  0x00
00001c 940c 0000 	JMP  0x00
00001e 940c 0000 	JMP  0x00
000020 940c 0000 	JMP  0x00
000022 940c 0000 	JMP  0x00
000024 940c 0000 	JMP  0x00
000026 940c 0000 	JMP  0x00
000028 940c 0000 	JMP  0x00
                 
                 _tbl10_G103:
00002a 2710
00002b 03e8
00002c 0064
00002d 000a      	.DB  0x10,0x27,0xE8,0x3,0x64,0x0,0xA,0x0
00002e 0001      	.DB  0x1,0x0
                 _tbl16_G103:
00002f 1000
000030 0100
000031 0010
000032 0001      	.DB  0x0,0x10,0x0,0x1,0x10,0x0,0x1,0x0
                 
                 _0x3:
000033 523e
000034 6165
000035 7964
000036 7420      	.DB  0x3E,0x52,0x65,0x61,0x64,0x79,0x20,0x74
000037 206f
000038 6552
000039 6963
00003a 6576      	.DB  0x6F,0x20,0x52,0x65,0x63,0x69,0x76,0x65
C:\Users\AKRAM\Desktop\Micro Project\Code1\Debug\List\control.asm(1144): warning: .cseg .db misalignment - padding zero byte
00003b 0020      	.DB  0x20
                 _0x4:
00003c 2a20
00003d 562a
00003e 7265
00003f 2079      	.DB  0x20,0x2A,0x2A,0x56,0x65,0x72,0x79,0x20
000040 6f4c
000041 676e
000042 2a2a      	.DB  0x4C,0x6F,0x6E,0x67,0x2A,0x2A
                 _0x0:
000043 6153
000044 6174
000045 7472
000046 2e2e      	.DB  0x53,0x61,0x74,0x61,0x72,0x74,0x2E,0x2E
000047 2e2e
000048 6d00
000049 316f
00004a 6f20      	.DB  0x2E,0x2E,0x0,0x6D,0x6F,0x31,0x20,0x6F
00004b 206e
00004c 3532
00004d 6d00
00004e 316f      	.DB  0x6E,0x20,0x32,0x35,0x0,0x6D,0x6F,0x31
00004f 6f20
000050 206e
000051 3035
000052 6d00      	.DB  0x20,0x6F,0x6E,0x20,0x35,0x30,0x0,0x6D
000053 316f
000054 6f20
000055 206e
000056 3537      	.DB  0x6F,0x31,0x20,0x6F,0x6E,0x20,0x37,0x35
000057 6d00
000058 316f
000059 6f20
00005a 206e      	.DB  0x0,0x6D,0x6F,0x31,0x20,0x6F,0x6E,0x20
00005b 3031
00005c 0030
00005d 6f6d
00005e 2031      	.DB  0x31,0x30,0x30,0x0,0x6D,0x6F,0x31,0x20
00005f 7763
000060 6d00
000061 316f
000062 6320      	.DB  0x63,0x77,0x0,0x6D,0x6F,0x31,0x20,0x63
000063 7763
000064 6d00
000065 316f
000066 6f20      	.DB  0x63,0x77,0x0,0x6D,0x6F,0x31,0x20,0x6F
000067 6666
000068 6d00
000069 326f
00006a 6f20      	.DB  0x66,0x66,0x0,0x6D,0x6F,0x32,0x20,0x6F
00006b 206e
00006c 3532
00006d 6d00
00006e 326f      	.DB  0x6E,0x20,0x32,0x35,0x0,0x6D,0x6F,0x32
00006f 6f20
000070 206e
000071 3035
000072 6d00      	.DB  0x20,0x6F,0x6E,0x20,0x35,0x30,0x0,0x6D
000073 326f
000074 6f20
000075 206e
000076 3537      	.DB  0x6F,0x32,0x20,0x6F,0x6E,0x20,0x37,0x35
000077 6d00
000078 326f
000079 6f20
00007a 206e      	.DB  0x0,0x6D,0x6F,0x32,0x20,0x6F,0x6E,0x20
00007b 3031
00007c 0030
00007d 6f6d
00007e 2032      	.DB  0x31,0x30,0x30,0x0,0x6D,0x6F,0x32,0x20
00007f 666f
000080 0066
000081 6f6d
000082 2032      	.DB  0x6F,0x66,0x66,0x0,0x6D,0x6F,0x32,0x20
000083 7763
000084 6d00
000085 326f
000086 6320      	.DB  0x63,0x77,0x0,0x6D,0x6F,0x32,0x20,0x63
000087 7763
000088 4d00
000089 316f
00008a 4f20      	.DB  0x63,0x77,0x0,0x4D,0x6F,0x31,0x20,0x4F
00008b 206e
00008c 5743
00008d 4d00
00008e 316f      	.DB  0x6E,0x20,0x43,0x57,0x0,0x4D,0x6F,0x31
00008f 4f20
000090 206e
000091 4343
000092 0057      	.DB  0x20,0x4F,0x6E,0x20,0x43,0x43,0x57,0x0
000093 6f4d
000094 2031
000095 664f
000096 0066      	.DB  0x4D,0x6F,0x31,0x20,0x4F,0x66,0x66,0x0
000097 5052
000098 004d
000099 6f4d
00009a 2032      	.DB  0x52,0x50,0x4D,0x0,0x4D,0x6F,0x32,0x20
00009b 6e4f
00009c 4320
00009d 0057
00009e 6f4d      	.DB  0x4F,0x6E,0x20,0x43,0x57,0x0,0x4D,0x6F
00009f 2032
0000a0 6e4f
0000a1 4320
0000a2 5743      	.DB  0x32,0x20,0x4F,0x6E,0x20,0x43,0x43,0x57
0000a3 4d00
0000a4 326f
0000a5 4f20
0000a6 6666      	.DB  0x0,0x4D,0x6F,0x32,0x20,0x4F,0x66,0x66
C:\Users\AKRAM\Desktop\Micro Project\Code1\Debug\List\control.asm(1174): warning: .cseg .db misalignment - padding zero byte
0000a7 0000      	.DB  0x0
                 _0x2000003:
0000a8 c080      	.DB  0x80,0xC0
                 _0x2020060:
C:\Users\AKRAM\Desktop\Micro Project\Code1\Debug\List\control.asm(1178): warning: .cseg .db misalignment - padding zero byte
0000a9 0001      	.DB  0x1
                 _0x2020000:
0000aa 4e2d
0000ab 4e41
0000ac 4900
0000ad 464e      	.DB  0x2D,0x4E,0x41,0x4E,0x0,0x49,0x4E,0x46
C:\Users\AKRAM\Desktop\Micro Project\Code1\Debug\List\control.asm(1181): warning: .cseg .db misalignment - padding zero byte
0000ae 0000      	.DB  0x0
                 
                 __GLOBAL_INI_TBL:
0000af 0011      	.DW  0x11
0000b0 0241      	.DW  _tx1
0000b1 0066      	.DW  _0x3*2
                 
0000b2 000e      	.DW  0x0E
0000b3 0253      	.DW  _txt2
0000b4 0078      	.DW  _0x4*2
                 
0000b5 000b      	.DW  0x0B
0000b6 0160      	.DW  _0x1E
0000b7 0086      	.DW  _0x0*2
                 
0000b8 000a      	.DW  0x0A
0000b9 016b      	.DW  _0x1E+11
0000ba 0091      	.DW  _0x0*2+11
                 
0000bb 000a      	.DW  0x0A
0000bc 0175      	.DW  _0x1E+21
0000bd 009b      	.DW  _0x0*2+21
                 
0000be 000a      	.DW  0x0A
0000bf 017f      	.DW  _0x1E+31
0000c0 00a5      	.DW  _0x0*2+31
                 
0000c1 000b      	.DW  0x0B
0000c2 0189      	.DW  _0x1E+41
0000c3 00af      	.DW  _0x0*2+41
                 
0000c4 0007      	.DW  0x07
0000c5 0194      	.DW  _0x1E+52
0000c6 00ba      	.DW  _0x0*2+52
                 
0000c7 0008      	.DW  0x08
0000c8 019b      	.DW  _0x1E+59
0000c9 00c1      	.DW  _0x0*2+59
                 
0000ca 0008      	.DW  0x08
0000cb 01a3      	.DW  _0x1E+67
0000cc 00c9      	.DW  _0x0*2+67
                 
0000cd 000a      	.DW  0x0A
0000ce 01ab      	.DW  _0x1E+75
0000cf 00d1      	.DW  _0x0*2+75
                 
0000d0 000a      	.DW  0x0A
0000d1 01b5      	.DW  _0x1E+85
0000d2 00db      	.DW  _0x0*2+85
                 
0000d3 000a      	.DW  0x0A
0000d4 01bf      	.DW  _0x1E+95
0000d5 00e5      	.DW  _0x0*2+95
                 
0000d6 000b      	.DW  0x0B
0000d7 01c9      	.DW  _0x1E+105
0000d8 00ef      	.DW  _0x0*2+105
                 
0000d9 0008      	.DW  0x08
0000da 01d4      	.DW  _0x1E+116
0000db 00fa      	.DW  _0x0*2+116
                 
0000dc 0007      	.DW  0x07
0000dd 01dc      	.DW  _0x1E+124
0000de 0102      	.DW  _0x0*2+124
                 
0000df 0008      	.DW  0x08
0000e0 01e3      	.DW  _0x1E+131
0000e1 0109      	.DW  _0x0*2+131
                 
0000e2 000a      	.DW  0x0A
0000e3 01eb      	.DW  _0x1E+139
0000e4 0111      	.DW  _0x0*2+139
                 
0000e5 000b      	.DW  0x0B
0000e6 01f5      	.DW  _0x1E+149
0000e7 011b      	.DW  _0x0*2+149
                 
0000e8 0008      	.DW  0x08
0000e9 0200      	.DW  _0x1E+160
0000ea 0126      	.DW  _0x0*2+160
                 
0000eb 0004      	.DW  0x04
0000ec 0208      	.DW  _0x1E+168
0000ed 012e      	.DW  _0x0*2+168
                 
0000ee 000a      	.DW  0x0A
0000ef 020c      	.DW  _0x1E+172
0000f0 0132      	.DW  _0x0*2+172
                 
0000f1 000b      	.DW  0x0B
0000f2 0216      	.DW  _0x1E+182
0000f3 013c      	.DW  _0x0*2+182
                 
0000f4 0008      	.DW  0x08
0000f5 0221      	.DW  _0x1E+193
0000f6 0147      	.DW  _0x0*2+193
                 
0000f7 0004      	.DW  0x04
0000f8 0229      	.DW  _0x1E+201
0000f9 012e      	.DW  _0x0*2+168
                 
0000fa 0002      	.DW  0x02
0000fb 0262      	.DW  __base_y_G100
0000fc 0150      	.DW  _0x2000003*2
                 
0000fd 0001      	.DW  0x01
0000fe 0269      	.DW  __seed_G101
0000ff 0152      	.DW  _0x2020060*2
                 
                 _0xFFFFFFFF:
000100 0000      	.DW  0
                 
                 #define __GLOBAL_INI_TBL_PRESENT 1
                 
                 __RESET:
000101 94f8      	CLI
000102 27ee      	CLR  R30
000103 bbec      	OUT  EECR,R30
                 
                 ;INTERRUPT VECTORS ARE PLACED
                 ;AT THE START OF FLASH
000104 e0f1      	LDI  R31,1
000105 bffb      	OUT  GICR,R31
000106 bfeb      	OUT  GICR,R30
000107 bfe5      	OUT  MCUCR,R30
                 
                 ;CLEAR R2-R14
000108 e08d      	LDI  R24,(14-2)+1
000109 e0a2      	LDI  R26,2
00010a 27bb      	CLR  R27
                 __CLEAR_REG:
00010b 93ed      	ST   X+,R30
00010c 958a      	DEC  R24
00010d f7e9      	BRNE __CLEAR_REG
                 
                 ;CLEAR SRAM
00010e e080      	LDI  R24,LOW(__CLEAR_SRAM_SIZE)
00010f e094      	LDI  R25,HIGH(__CLEAR_SRAM_SIZE)
000110 e6a0      	LDI  R26,__SRAM_START
                 __CLEAR_SRAM:
000111 93ed      	ST   X+,R30
000112 9701      	SBIW R24,1
000113 f7e9      	BRNE __CLEAR_SRAM
                 
                 ;GLOBAL VARIABLES INITIALIZATION
000114 e5ee      	LDI  R30,LOW(__GLOBAL_INI_TBL*2)
000115 e0f1      	LDI  R31,HIGH(__GLOBAL_INI_TBL*2)
                 __GLOBAL_INI_NEXT:
000116 9185      	LPM  R24,Z+
000117 9195      	LPM  R25,Z+
000118 9700      	SBIW R24,0
000119 f061      	BREQ __GLOBAL_INI_END
00011a 91a5      	LPM  R26,Z+
00011b 91b5      	LPM  R27,Z+
00011c 9005      	LPM  R0,Z+
00011d 9015      	LPM  R1,Z+
00011e 01bf      	MOVW R22,R30
00011f 01f0      	MOVW R30,R0
                 __GLOBAL_INI_LOOP:
000120 9005      	LPM  R0,Z+
000121 920d      	ST   X+,R0
000122 9701      	SBIW R24,1
000123 f7e1      	BRNE __GLOBAL_INI_LOOP
000124 01fb      	MOVW R30,R22
000125 cff0      	RJMP __GLOBAL_INI_NEXT
                 __GLOBAL_INI_END:
                 
                 ;HARDWARE STACK POINTER INITIALIZATION
000126 e5ef      	LDI  R30,LOW(__SRAM_END-__HEAP_SIZE)
000127 bfed      	OUT  SPL,R30
000128 e0e4      	LDI  R30,HIGH(__SRAM_END-__HEAP_SIZE)
000129 bfee      	OUT  SPH,R30
                 
                 ;DATA STACK POINTER INITIALIZATION
00012a e6c0      	LDI  R28,LOW(__SRAM_START+__DSTACK_SIZE)
00012b e0d1      	LDI  R29,HIGH(__SRAM_START+__DSTACK_SIZE)
                 
00012c 940c 01c1 	JMP  _main
                 
                 	.ESEG
                 	.ORG 0x00
                 
                 	.DSEG
                 	.ORG 0x160
                 
                 	.CSEG
                 ;/*******************************************************
                 ;This program was created by the CodeWizardAVR V3.37
                 ;Automatic Program Generator
                 ;© Copyright 1998-2019 Pavel Haiduc, HP InfoTech s.r.l.
                 ;http://www.hpinfotech.com
                 ;
                 ;Project :
                 ;Version :
                 ;Date    : 11/21/2019
                 ;Author  :
                 ;Company :
                 ;Comments:
                 ;
                 ;
                 ;Chip type               : ATmega16A
                 ;Program type            : Application
                 ;AVR Core Clock frequency: 8.000000 MHz
                 ;Memory model            : Small
                 ;External RAM size       : 0
                 ;Data Stack size         : 256
                 ;*******************************************************/
                 ;#include <mega16a.h>
                 	#ifndef __SLEEP_DEFINED__
                 	#define __SLEEP_DEFINED__
                 	.EQU __se_bit=0x40
                 	.EQU __sm_mask=0xB0
                 	.EQU __sm_powerdown=0x20
                 	.EQU __sm_powersave=0x30
                 	.EQU __sm_standby=0xA0
                 	.EQU __sm_ext_standby=0xB0
                 	.EQU __sm_adc_noise_red=0x10
                 	.SET power_ctrl_reg=mcucr
                 	#endif
                 ;#include <lcd.h>
                 ;#include <delay.h>
                 ;#include <stdlib.h>
                 ;#include <string.h>
                 ;
                 ;#asm
                 .equ __lcd_port=0x1B ;PORTA
                 ; 0000 001E #endasm
                 ;
                 ;unsigned int x,y,Time1,Time2,rpm1,rpm2;
                 ;unsigned char *v;
                 ;char ch,i,j,k;
                 ;unsigned char txt[12];
                 ;unsigned char tx1[]=">Ready to Recive ";
                 
                 	.DSEG
                 ;unsigned char txt2[]=" **Very Long**";
                 ;
                 ;//________________________________________________________________
                 ;interrupt [USART_RXC] void uasrt_rx(void)
                 ; 0000 0029 {ch=UDR;
                 
                 	.CSEG
                 _uasrt_rx:
                 ; .FSTART _uasrt_rx
00012e 93aa      	ST   -Y,R26
00012f 93ea      	ST   -Y,R30
000130 93fa      	ST   -Y,R31
000131 b7ef      	IN   R30,SREG
000132 93ea      	ST   -Y,R30
000133 b1ec      	IN   R30,0xC
000134 93e0 0231 	STS  _ch,R30
                 ; 0000 002A txt[i]=ch;
000136 d2bd      	RCALL SUBOPT_0x0
000137 91a0 0231 	LDS  R26,_ch
000139 83a0      	STD  Z+0,R26
                 ; 0000 002B if(i<11)
00013a 91a0 0232 	LDS  R26,_i
00013c 30ab      	CPI  R26,LOW(0xB)
00013d f430      	BRSH _0x5
                 ; 0000 002C i++;
00013e 91e0 0232 	LDS  R30,_i
000140 5fef      	SUBI R30,-LOW(1)
000141 93e0 0232 	STS  _i,R30
                 ; 0000 002D     else
000143 c01d      	RJMP _0x6
                 _0x5:
                 ; 0000 002E     {i=0;
000144 e0e0      	LDI  R30,LOW(0)
000145 93e0 0232 	STS  _i,R30
                 ; 0000 002F     while (txt2[k]!=0)
                 _0x7:
000147 d2b2      	RCALL SUBOPT_0x1
000148 30e0      	CPI  R30,0
000149 f051      	BREQ _0x9
                 ; 0000 0030     {while(UCSRA.5==0);
                 _0xA:
00014a 9b5d      	SBIS 0xB,5
00014b cffe      	RJMP _0xA
                 ; 0000 0031     UDR=txt2[k];
00014c d2ad      	RCALL SUBOPT_0x1
00014d b9ec      	OUT  0xC,R30
                 ; 0000 0032     k++;
00014e 91e0 0234 	LDS  R30,_k
000150 5fef      	SUBI R30,-LOW(1)
000151 93e0 0234 	STS  _k,R30
                 ; 0000 0033     }
000153 cff3      	RJMP _0x7
                 _0x9:
                 ; 0000 0034     if (txt2[k]==0)
000154 d2a5      	RCALL SUBOPT_0x1
000155 30e0      	CPI  R30,0
000156 f451      	BRNE _0xD
                 ; 0000 0035     {while(UCSRA.5==0);
                 _0xE:
000157 9b5d      	SBIS 0xB,5
000158 cffe      	RJMP _0xE
                 ; 0000 0036     UDR=13;
000159 e0ed      	LDI  R30,LOW(13)
00015a b9ec      	OUT  0xC,R30
                 ; 0000 0037     ch=UDR;
00015b b1ec      	IN   R30,0xC
00015c 93e0 0231 	STS  _ch,R30
                 ; 0000 0038     k=0;
00015e e0e0      	LDI  R30,LOW(0)
00015f 93e0 0234 	STS  _k,R30
                 ; 0000 0039     }
                 ; 0000 003A     }
                 _0xD:
                 _0x6:
                 ; 0000 003B if(ch==13)
000161 91a0 0231 	LDS  R26,_ch
000163 30ad      	CPI  R26,LOW(0xD)
000164 f471      	BRNE _0x11
                 ; 0000 003C     {i=0;
000165 e0e0      	LDI  R30,LOW(0)
000166 93e0 0232 	STS  _i,R30
                 ; 0000 003D     while (tx1[j]!=0)
                 _0x12:
000168 d298      	RCALL SUBOPT_0x2
000169 30e0      	CPI  R30,0
00016a f029      	BREQ _0x14
                 ; 0000 003E         {while(UCSRA.5==0);
                 _0x15:
00016b 9b5d      	SBIS 0xB,5
00016c cffe      	RJMP _0x15
                 ; 0000 003F         UDR=tx1[j];
00016d d293      	RCALL SUBOPT_0x2
00016e d299      	RCALL SUBOPT_0x3
                 ; 0000 0040         j++;
                 ; 0000 0041         }
00016f cff8      	RJMP _0x12
                 _0x14:
                 ; 0000 0042     j=0;
000170 e0e0      	LDI  R30,LOW(0)
000171 93e0 0233 	STS  _j,R30
                 ; 0000 0043     }
                 ; 0000 0044 }
                 _0x11:
000173 91e9      	LD   R30,Y+
000174 bfef      	OUT  SREG,R30
000175 91f9      	LD   R31,Y+
000176 91e9      	LD   R30,Y+
000177 91a9      	LD   R26,Y+
000178 9518      	RETI
                 ; .FEND
                 ;
                 ;interrupt [EXT_INT0] void int0 (void)
                 ; 0000 0047 {if (OCR0!=0)
                 _int0:
                 ; .FSTART _int0
000179 d295      	RCALL SUBOPT_0x4
00017a b7ec      	IN   R30,0x3C
00017b 30e0      	CPI  R30,0
00017c f021      	BREQ _0x18
                 ; 0000 0048 x++;
00017d 01f2      	MOVW R30,R4
00017e 9631      	ADIW R30,1
00017f 012f      	MOVW R4,R30
                 ; 0000 0049 else x=0;
000180 c002      	RJMP _0x19
                 _0x18:
000181 2444      	CLR  R4
000182 2455      	CLR  R5
                 ; 0000 004A }
                 _0x19:
000183 c038      	RJMP _0x71
                 ; .FEND
                 ;
                 ;interrupt [TIM0_OVF] void timer0_ovf (void)
                 ; 0000 004D {Time1++;
                 _timer0_ovf:
                 ; .FSTART _timer0_ovf
000184 d28f      	RCALL SUBOPT_0x5
000185 01f4      	MOVW R30,R8
000186 9631      	ADIW R30,1
000187 014f      	MOVW R8,R30
                 ; 0000 004E if(Time1==500)
000188 efe4      	LDI  R30,LOW(500)
000189 e0f1      	LDI  R31,HIGH(500)
00018a 15e8      	CP   R30,R8
00018b 05f9      	CPC  R31,R9
00018c f439      	BRNE _0x1A
                 ; 0000 004F     {rpm1=x*60/20;
00018d 01f2      	MOVW R30,R4
00018e d28f      	RCALL SUBOPT_0x6
00018f 016f      	MOVW R12,R30
                 ; 0000 0050     x=0;
000190 2444      	CLR  R4
000191 2455      	CLR  R5
                 ; 0000 0051     Time1=0;
000192 2488      	CLR  R8
000193 2499      	CLR  R9
                 ; 0000 0052     }
                 ; 0000 0053 }
                 _0x1A:
000194 c013      	RJMP _0x72
                 ; .FEND
                 ;
                 ;interrupt [TIM2_OVF] void timer2_ovf (void)
                 ; 0000 0056 {Time2++;
                 _timer2_ovf:
                 ; .FSTART _timer2_ovf
000195 d27e      	RCALL SUBOPT_0x5
000196 01f5      	MOVW R30,R10
000197 9631      	ADIW R30,1
000198 015f      	MOVW R10,R30
                 ; 0000 0057 if(Time2==500)
000199 efe4      	LDI  R30,LOW(500)
00019a e0f1      	LDI  R31,HIGH(500)
00019b 15ea      	CP   R30,R10
00019c 05fb      	CPC  R31,R11
00019d f451      	BRNE _0x1B
                 ; 0000 0058     {rpm2=y*60/20;
00019e 01f3      	MOVW R30,R6
00019f d27e      	RCALL SUBOPT_0x6
0001a0 93e0 022d 	STS  _rpm2,R30
0001a2 93f0 022e 	STS  _rpm2+1,R31
                 ; 0000 0059     y=0;
0001a4 2466      	CLR  R6
0001a5 2477      	CLR  R7
                 ; 0000 005A     Time2=0;
0001a6 24aa      	CLR  R10
0001a7 24bb      	CLR  R11
                 ; 0000 005B     }
                 ; 0000 005C }
                 _0x1B:
                 _0x72:
0001a8 91e9      	LD   R30,Y+
0001a9 bfef      	OUT  SREG,R30
0001aa 91f9      	LD   R31,Y+
0001ab 91e9      	LD   R30,Y+
0001ac 91b9      	LD   R27,Y+
0001ad 91a9      	LD   R26,Y+
0001ae 9199      	LD   R25,Y+
0001af 9019      	LD   R1,Y+
0001b0 9009      	LD   R0,Y+
0001b1 9518      	RETI
                 ; .FEND
                 ;
                 ;interrupt [EXT_INT1] void int1 (void)
                 ; 0000 005F {if (OCR2!=0)
                 _int1:
                 ; .FSTART _int1
0001b2 d25c      	RCALL SUBOPT_0x4
0001b3 b5e3      	IN   R30,0x23
0001b4 30e0      	CPI  R30,0
0001b5 f021      	BREQ _0x1C
                 ; 0000 0060 y++;
0001b6 01f3      	MOVW R30,R6
0001b7 9631      	ADIW R30,1
0001b8 013f      	MOVW R6,R30
                 ; 0000 0061 else y=0;
0001b9 c002      	RJMP _0x1D
                 _0x1C:
0001ba 2466      	CLR  R6
0001bb 2477      	CLR  R7
                 ; 0000 0062 }
                 _0x1D:
                 _0x71:
0001bc 91e9      	LD   R30,Y+
0001bd bfef      	OUT  SREG,R30
0001be 91f9      	LD   R31,Y+
0001bf 91e9      	LD   R30,Y+
0001c0 9518      	RETI
                 ; .FEND
                 ;
                 ;//________________________________________________________________
                 ;void main(void)
                 ; 0000 0066 {
                 _main:
                 ; .FSTART _main
                 ; 0000 0067 DDRB=0b11001000;
0001c1 ece8      	LDI  R30,LOW(200)
0001c2 bbe7      	OUT  0x17,R30
                 ; 0000 0068 DDRC=0b00001111;
0001c3 e0ef      	LDI  R30,LOW(15)
0001c4 bbe4      	OUT  0x14,R30
                 ; 0000 0069 DDRD=0b10000000;
0001c5 e8e0      	LDI  R30,LOW(128)
0001c6 bbe1      	OUT  0x11,R30
                 ; 0000 006A PORTD=0b00001100;
0001c7 e0ec      	LDI  R30,LOW(12)
0001c8 bbe2      	OUT  0x12,R30
                 ; 0000 006B //________________________________________________________________
                 ; 0000 006C // External Interrupt(s) initializtion
                 ; 0000 006D // INT0 = on
                 ; 0000 006E // INT0 Mode: Falling Edge
                 ; 0000 006F // INT1 = on
                 ; 0000 0070 // INT1 Mode: Falling Edge
                 ; 0000 0071 GICR=0b11000000;
0001c9 ece0      	LDI  R30,LOW(192)
0001ca bfeb      	OUT  0x3B,R30
                 ; 0000 0072 MCUCR=0b00001010;
0001cb e0ea      	LDI  R30,LOW(10)
0001cc bfe5      	OUT  0x35,R30
                 ; 0000 0073 //________________________________________________________________
                 ; 0000 0074 
                 ; 0000 0075 //________________________________________________________________
                 ; 0000 0076 lcd_init(16);
0001cd e1a0      	LDI  R26,LOW(16)
0001ce d1b0      	RCALL _lcd_init
                 ; 0000 0077 lcd_puts("Satart....");
                +
0001cf e6a0     +LDI R26 , LOW ( _0x1E + ( 0 ) )
0001d0 e0b1     +LDI R27 , HIGH ( _0x1E + ( 0 ) )
                 	__POINTW2MN _0x1E,0
0001d1 d18c      	RCALL _lcd_puts
                 ; 0000 0078 delay_ms(1000);
0001d2 eea8      	LDI  R26,LOW(1000)
0001d3 e0b3      	LDI  R27,HIGH(1000)
0001d4 d27c      	RCALL _delay_ms
                 ; 0000 0079 lcd_clear();
0001d5 d153      	RCALL _lcd_clear
                 ; 0000 007A //________________________________________________________________
                 ; 0000 007B // Timer/Counter 0 initialization
                 ; 0000 007C // Timer/Counter 1 initialization
                 ; 0000 007D // Clock source: System Clock
                 ; 0000 007E // Mode: Fast PWM
                 ; 0000 007F // Prescaler = 64
                 ; 0000 0080 // OCR output: Non-Inverted
                 ; 0000 0081 TCCR0=0B01101011;
0001d6 e6eb      	LDI  R30,LOW(107)
0001d7 bfe3      	OUT  0x33,R30
                 ; 0000 0082 TCCR2=0B01101100;
0001d8 e6ec      	LDI  R30,LOW(108)
0001d9 bde5      	OUT  0x25,R30
                 ; 0000 0083 //________________________________________________________________
                 ; 0000 0084 // Timer Interrupt initialization
                 ; 0000 0085 TIMSK=0b01000001;
0001da e4e1      	LDI  R30,LOW(65)
0001db bfe9      	OUT  0x39,R30
                 ; 0000 0086 TCNT0=0x00;
0001dc e0e0      	LDI  R30,LOW(0)
0001dd bfe2      	OUT  0x32,R30
                 ; 0000 0087 //________________________________________________________________
                 ; 0000 0088 //USART
                 ; 0000 0089 UBRRH=0x00;
0001de bde0      	OUT  0x20,R30
                 ; 0000 008A UBRRL=0x33;
0001df e3e3      	LDI  R30,LOW(51)
0001e0 b9e9      	OUT  0x9,R30
                 ; 0000 008B UCSRB=0b10011000;
0001e1 e9e8      	LDI  R30,LOW(152)
0001e2 b9ea      	OUT  0xA,R30
                 ; 0000 008C UCSRC=0b10000110;
0001e3 e8e6      	LDI  R30,LOW(134)
0001e4 bde0      	OUT  0x20,R30
                 ; 0000 008D 
                 ; 0000 008E while (tx1[j]!=0)
                 _0x1F:
0001e5 d21b      	RCALL SUBOPT_0x2
0001e6 30e0      	CPI  R30,0
0001e7 f029      	BREQ _0x21
                 ; 0000 008F     {while(UCSRA.5==0);
                 _0x22:
0001e8 9b5d      	SBIS 0xB,5
0001e9 cffe      	RJMP _0x22
                 ; 0000 0090     UDR=tx1[j];
0001ea d216      	RCALL SUBOPT_0x2
0001eb d21c      	RCALL SUBOPT_0x3
                 ; 0000 0091     j++;
                 ; 0000 0092     }
0001ec cff8      	RJMP _0x1F
                 _0x21:
                 ; 0000 0093 j=0;
0001ed e0e0      	LDI  R30,LOW(0)
0001ee 93e0 0233 	STS  _j,R30
                 ; 0000 0094 
                 ; 0000 0095 // Global enable interrupts
                 ; 0000 0096 #asm("sei")
0001f0 9478      	SEI
                 ; 0000 0097 while (1)
                 _0x25:
                 ; 0000 0098       {
                 ; 0000 0099       delay_ms(100);
0001f1 e6a4      	LDI  R26,LOW(100)
0001f2 e0b0      	LDI  R27,0
0001f3 d25d      	RCALL _delay_ms
                 ; 0000 009A       lcd_clear();
0001f4 d134      	RCALL _lcd_clear
                 ; 0000 009B       txt[i]=0;
0001f5 d1fe      	RCALL SUBOPT_0x0
0001f6 e0a0      	LDI  R26,LOW(0)
0001f7 83a0      	STD  Z+0,R26
                 ; 0000 009C //________________________________________________________________
                 ; 0000 009D       // Motor 1
                 ; 0000 009E       if(strcmp(txt,"mo1 on 25")==0)
0001f8 d22d      	RCALL SUBOPT_0x7
                +
0001f9 e6ab     +LDI R26 , LOW ( _0x1E + ( 11 ) )
0001fa e0b1     +LDI R27 , HIGH ( _0x1E + ( 11 ) )
                 	__POINTW2MN _0x1E,11
0001fb d1e4      	RCALL _strcmp
0001fc 30e0      	CPI  R30,0
0001fd f411      	BRNE _0x28
                 ; 0000 009F       OCR0=60;
0001fe e3ec      	LDI  R30,LOW(60)
0001ff bfec      	OUT  0x3C,R30
                 ; 0000 00A0       if(strcmp(txt,"mo1 on 50")==0)
                 _0x28:
000200 d225      	RCALL SUBOPT_0x7
                +
000201 e7a5     +LDI R26 , LOW ( _0x1E + ( 21 ) )
000202 e0b1     +LDI R27 , HIGH ( _0x1E + ( 21 ) )
                 	__POINTW2MN _0x1E,21
000203 d1dc      	RCALL _strcmp
000204 30e0      	CPI  R30,0
000205 f411      	BRNE _0x29
                 ; 0000 00A1       OCR0=127;
000206 e7ef      	LDI  R30,LOW(127)
000207 bfec      	OUT  0x3C,R30
                 ; 0000 00A2       if(strcmp(txt,"mo1 on 75")==0)
                 _0x29:
000208 d21d      	RCALL SUBOPT_0x7
                +
000209 e7af     +LDI R26 , LOW ( _0x1E + ( 31 ) )
00020a e0b1     +LDI R27 , HIGH ( _0x1E + ( 31 ) )
                 	__POINTW2MN _0x1E,31
00020b d1d4      	RCALL _strcmp
00020c 30e0      	CPI  R30,0
00020d f411      	BRNE _0x2A
                 ; 0000 00A3       OCR0=190;
00020e ebee      	LDI  R30,LOW(190)
00020f bfec      	OUT  0x3C,R30
                 ; 0000 00A4       if(strcmp(txt,"mo1 on 100")==0)
                 _0x2A:
000210 d215      	RCALL SUBOPT_0x7
                +
000211 e8a9     +LDI R26 , LOW ( _0x1E + ( 41 ) )
000212 e0b1     +LDI R27 , HIGH ( _0x1E + ( 41 ) )
                 	__POINTW2MN _0x1E,41
000213 d1cc      	RCALL _strcmp
000214 30e0      	CPI  R30,0
000215 f411      	BRNE _0x2B
                 ; 0000 00A5       OCR0=255;
000216 efef      	LDI  R30,LOW(255)
000217 bfec      	OUT  0x3C,R30
                 ; 0000 00A6 
                 ; 0000 00A7       if (strcmp(txt,"mo1 cw")==0)
                 _0x2B:
000218 d20d      	RCALL SUBOPT_0x7
                +
000219 e9a4     +LDI R26 , LOW ( _0x1E + ( 52 ) )
00021a e0b1     +LDI R27 , HIGH ( _0x1E + ( 52 ) )
                 	__POINTW2MN _0x1E,52
00021b d1c4      	RCALL _strcmp
00021c 30e0      	CPI  R30,0
00021d f419      	BRNE _0x2C
                 ; 0000 00A8       {PORTC.3=0;   PORTC.2=1;}
00021e 98ab      	CBI  0x15,3
00021f 9aaa      	SBI  0x15,2
                 ; 0000 00A9 
                 ; 0000 00AA       else if(strcmp(txt,"mo1 ccw")==0)
000220 c008      	RJMP _0x31
                 _0x2C:
000221 d204      	RCALL SUBOPT_0x7
                +
000222 e9ab     +LDI R26 , LOW ( _0x1E + ( 59 ) )
000223 e0b1     +LDI R27 , HIGH ( _0x1E + ( 59 ) )
                 	__POINTW2MN _0x1E,59
000224 d1bb      	RCALL _strcmp
000225 30e0      	CPI  R30,0
000226 f411      	BRNE _0x32
                 ; 0000 00AB       {PORTC.3=1;   PORTC.2=0;}
000227 9aab      	SBI  0x15,3
000228 98aa      	CBI  0x15,2
                 ; 0000 00AC 
                 ; 0000 00AD       if (strcmp(txt,"mo1 off")==0)
                 _0x32:
                 _0x31:
000229 d1fc      	RCALL SUBOPT_0x7
                +
00022a eaa3     +LDI R26 , LOW ( _0x1E + ( 67 ) )
00022b e0b1     +LDI R27 , HIGH ( _0x1E + ( 67 ) )
                 	__POINTW2MN _0x1E,67
00022c d1b3      	RCALL _strcmp
00022d 30e0      	CPI  R30,0
00022e f429      	BRNE _0x37
                 ; 0000 00AE       {
                 ; 0000 00AF       OCR0=0;
00022f e0e0      	LDI  R30,LOW(0)
000230 bfec      	OUT  0x3C,R30
                 ; 0000 00B0       PORTC.3=0;
000231 98ab      	CBI  0x15,3
                 ; 0000 00B1       PORTC.2=0;
000232 98aa      	CBI  0x15,2
                 ; 0000 00B2       PORTB.7=0;
000233 98c7      	CBI  0x18,7
                 ; 0000 00B3       }
                 ; 0000 00B4 
                 ; 0000 00B5 //________________________________________________________________
                 ; 0000 00B6       // Motor 2
                 ; 0000 00B7       if(strcmp(txt,"mo2 on 25")==0)
                 _0x37:
000234 d1f1      	RCALL SUBOPT_0x7
                +
000235 eaab     +LDI R26 , LOW ( _0x1E + ( 75 ) )
000236 e0b1     +LDI R27 , HIGH ( _0x1E + ( 75 ) )
                 	__POINTW2MN _0x1E,75
000237 d1a8      	RCALL _strcmp
000238 30e0      	CPI  R30,0
000239 f411      	BRNE _0x3E
                 ; 0000 00B8       OCR2=60;
00023a e3ec      	LDI  R30,LOW(60)
00023b bde3      	OUT  0x23,R30
                 ; 0000 00B9       if(strcmp(txt,"mo2 on 50")==0)
                 _0x3E:
00023c d1e9      	RCALL SUBOPT_0x7
                +
00023d eba5     +LDI R26 , LOW ( _0x1E + ( 85 ) )
00023e e0b1     +LDI R27 , HIGH ( _0x1E + ( 85 ) )
                 	__POINTW2MN _0x1E,85
00023f d1a0      	RCALL _strcmp
000240 30e0      	CPI  R30,0
000241 f411      	BRNE _0x3F
                 ; 0000 00BA       OCR2=127;
000242 e7ef      	LDI  R30,LOW(127)
000243 bde3      	OUT  0x23,R30
                 ; 0000 00BB       if(strcmp(txt,"mo2 on 75")==0)
                 _0x3F:
000244 d1e1      	RCALL SUBOPT_0x7
                +
000245 ebaf     +LDI R26 , LOW ( _0x1E + ( 95 ) )
000246 e0b1     +LDI R27 , HIGH ( _0x1E + ( 95 ) )
                 	__POINTW2MN _0x1E,95
000247 d198      	RCALL _strcmp
000248 30e0      	CPI  R30,0
000249 f411      	BRNE _0x40
                 ; 0000 00BC       OCR2=190;
00024a ebee      	LDI  R30,LOW(190)
00024b bde3      	OUT  0x23,R30
                 ; 0000 00BD       if(strcmp(txt,"mo2 on 100")==0)
                 _0x40:
00024c d1d9      	RCALL SUBOPT_0x7
                +
00024d eca9     +LDI R26 , LOW ( _0x1E + ( 105 ) )
00024e e0b1     +LDI R27 , HIGH ( _0x1E + ( 105 ) )
                 	__POINTW2MN _0x1E,105
00024f d190      	RCALL _strcmp
000250 30e0      	CPI  R30,0
000251 f411      	BRNE _0x41
                 ; 0000 00BE       OCR2=255;
000252 efef      	LDI  R30,LOW(255)
000253 bde3      	OUT  0x23,R30
                 ; 0000 00BF       if (strcmp(txt,"mo2 off")==0)
                 _0x41:
000254 d1d1      	RCALL SUBOPT_0x7
                +
000255 eda4     +LDI R26 , LOW ( _0x1E + ( 116 ) )
000256 e0b1     +LDI R27 , HIGH ( _0x1E + ( 116 ) )
                 	__POINTW2MN _0x1E,116
000257 d188      	RCALL _strcmp
000258 30e0      	CPI  R30,0
000259 f429      	BRNE _0x42
                 ; 0000 00C0         {PORTC.0=0;
00025a 98a8      	CBI  0x15,0
                 ; 0000 00C1         PORTC.1=0;
00025b 98a9      	CBI  0x15,1
                 ; 0000 00C2         OCR2=0;
00025c e0e0      	LDI  R30,LOW(0)
00025d bde3      	OUT  0x23,R30
                 ; 0000 00C3         PORTB.6=0;
00025e 98c6      	CBI  0x18,6
                 ; 0000 00C4         }
                 ; 0000 00C5 
                 ; 0000 00C6       if (strcmp(txt,"mo2 cw")==0)
                 _0x42:
00025f d1c6      	RCALL SUBOPT_0x7
                +
000260 edac     +LDI R26 , LOW ( _0x1E + ( 124 ) )
000261 e0b1     +LDI R27 , HIGH ( _0x1E + ( 124 ) )
                 	__POINTW2MN _0x1E,124
000262 d17d      	RCALL _strcmp
000263 30e0      	CPI  R30,0
000264 f419      	BRNE _0x49
                 ; 0000 00C7       {PORTC.0=1;   PORTC.1=0;}
000265 9aa8      	SBI  0x15,0
000266 98a9      	CBI  0x15,1
                 ; 0000 00C8 
                 ; 0000 00C9       else if(strcmp(txt,"mo2 ccw")==0)
000267 c008      	RJMP _0x4E
                 _0x49:
000268 d1bd      	RCALL SUBOPT_0x7
                +
000269 eea3     +LDI R26 , LOW ( _0x1E + ( 131 ) )
00026a e0b1     +LDI R27 , HIGH ( _0x1E + ( 131 ) )
                 	__POINTW2MN _0x1E,131
00026b d174      	RCALL _strcmp
00026c 30e0      	CPI  R30,0
00026d f411      	BRNE _0x4F
                 ; 0000 00CA       {PORTC.0=0;   PORTC.1=1;}
00026e 98a8      	CBI  0x15,0
00026f 9aa9      	SBI  0x15,1
                 ; 0000 00CB 
                 ; 0000 00CC //________________________________________________________________
                 ; 0000 00CD       //Turn Motor1 Led On
                 ; 0000 00CE       if (OCR0>1&&(PORTC.3==!PORTC.2))
                 _0x4F:
                 _0x4E:
000270 b7ec      	IN   R30,0x3C
000271 30e2      	CPI  R30,LOW(0x2)
000272 f040      	BRLO _0x55
000273 e0a0      	LDI  R26,0
000274 99ab      	SBIC 0x15,3
000275 e0a1      	LDI  R26,1
000276 e0e0      	LDI  R30,0
000277 9baa      	SBIS 0x15,2
000278 e0e1      	LDI  R30,1
000279 17ea      	CP   R30,R26
00027a f009      	BREQ _0x56
                 _0x55:
00027b c001      	RJMP _0x54
                 _0x56:
                 ; 0000 00CF       PORTB.7=1;
00027c 9ac7      	SBI  0x18,7
                 ; 0000 00D0       //Turn Motor2 Led On
                 ; 0000 00D1       if (OCR2>1&&(PORTC.0==!PORTC.1))
                 _0x54:
00027d b5e3      	IN   R30,0x23
00027e 30e2      	CPI  R30,LOW(0x2)
00027f f040      	BRLO _0x5A
000280 e0a0      	LDI  R26,0
000281 99a8      	SBIC 0x15,0
000282 e0a1      	LDI  R26,1
000283 e0e0      	LDI  R30,0
000284 9ba9      	SBIS 0x15,1
000285 e0e1      	LDI  R30,1
000286 17ea      	CP   R30,R26
000287 f009      	BREQ _0x5B
                 _0x5A:
000288 c001      	RJMP _0x59
                 _0x5B:
                 ; 0000 00D2       PORTB.6=1;
000289 9ac6      	SBI  0x18,6
                 ; 0000 00D3 
                 ; 0000 00D4 //________________________________________________________________
                 ; 0000 00D5       lcd_gotoxy(0,0);
                 _0x59:
00028a e0e0      	LDI  R30,LOW(0)
00028b 93ea      	ST   -Y,R30
00028c e0a0      	LDI  R26,LOW(0)
00028d d089      	RCALL _lcd_gotoxy
                 ; 0000 00D6       if(OCR0>1&&PORTC.2==1)        //Motor1 On and INT2 (L298) On
00028e b7ec      	IN   R30,0x3C
00028f 30e2      	CPI  R30,LOW(0x2)
000290 f010      	BRLO _0x5F
000291 99aa      	SBIC 0x15,2
000292 c001      	RJMP _0x60
                 _0x5F:
000293 c003      	RJMP _0x5E
                 _0x60:
                 ; 0000 00D7       lcd_puts("Mo1 On CW");
                +
000294 eeab     +LDI R26 , LOW ( _0x1E + ( 139 ) )
000295 e0b1     +LDI R27 , HIGH ( _0x1E + ( 139 ) )
                 	__POINTW2MN _0x1E,139
000296 c00b      	RJMP _0x6F
                 ; 0000 00D8 
                 ; 0000 00D9       else if(OCR0>1&&PORTC.3==1)   //Motor1 On and INT1 (L298) On
                 _0x5E:
000297 b7ec      	IN   R30,0x3C
000298 30e2      	CPI  R30,LOW(0x2)
000299 f010      	BRLO _0x63
00029a 99ab      	SBIC 0x15,3
00029b c001      	RJMP _0x64
                 _0x63:
00029c c003      	RJMP _0x62
                 _0x64:
                 ; 0000 00DA       lcd_puts("Mo1 On CCW");
                +
00029d efa5     +LDI R26 , LOW ( _0x1E + ( 149 ) )
00029e e0b1     +LDI R27 , HIGH ( _0x1E + ( 149 ) )
                 	__POINTW2MN _0x1E,149
00029f c002      	RJMP _0x6F
                 ; 0000 00DB 
                 ; 0000 00DC       else lcd_puts("Mo1 Off");     //Motor2 Off and INT1 && INT2 (L298) off
                 _0x62:
                +
0002a0 e0a0     +LDI R26 , LOW ( _0x1E + ( 160 ) )
0002a1 e0b2     +LDI R27 , HIGH ( _0x1E + ( 160 ) )
                 	__POINTW2MN _0x1E,160
                 _0x6F:
0002a2 d0bb      	RCALL _lcd_puts
                 ; 0000 00DD 
                 ; 0000 00DE       lcd_gotoxy(11,0);
0002a3 e0eb      	LDI  R30,LOW(11)
0002a4 93ea      	ST   -Y,R30
0002a5 e0a0      	LDI  R26,LOW(0)
0002a6 d070      	RCALL _lcd_gotoxy
                 ; 0000 00DF       itoa(rpm1,v);
0002a7 92da      	ST   -Y,R13
0002a8 92ca      	ST   -Y,R12
0002a9 d181      	RCALL SUBOPT_0x8
0002aa d185      	RCALL SUBOPT_0x9
                 ; 0000 00E0       lcd_puts(v);
                 ; 0000 00E1 
                 ; 0000 00E2       lcd_gotoxy(13,0);
0002ab e0a0      	LDI  R26,LOW(0)
0002ac d06a      	RCALL _lcd_gotoxy
                 ; 0000 00E3       lcd_puts("RPM");
                +
0002ad e0a8     +LDI R26 , LOW ( _0x1E + ( 168 ) )
0002ae e0b2     +LDI R27 , HIGH ( _0x1E + ( 168 ) )
                 	__POINTW2MN _0x1E,168
0002af d0ae      	RCALL _lcd_puts
                 ; 0000 00E4 
                 ; 0000 00E5 //________________________________________________________________
                 ; 0000 00E6       lcd_gotoxy(0,1);
0002b0 e0e0      	LDI  R30,LOW(0)
0002b1 93ea      	ST   -Y,R30
0002b2 e0a1      	LDI  R26,LOW(1)
0002b3 d063      	RCALL _lcd_gotoxy
                 ; 0000 00E7 
                 ; 0000 00E8       if(OCR2>1&&PORTC.0==1)        //Motor2 On and INT4 (L298) On
0002b4 b5e3      	IN   R30,0x23
0002b5 30e2      	CPI  R30,LOW(0x2)
0002b6 f010      	BRLO _0x67
0002b7 99a8      	SBIC 0x15,0
0002b8 c001      	RJMP _0x68
                 _0x67:
0002b9 c003      	RJMP _0x66
                 _0x68:
                 ; 0000 00E9       lcd_puts("Mo2 On CW");
                +
0002ba e0ac     +LDI R26 , LOW ( _0x1E + ( 172 ) )
0002bb e0b2     +LDI R27 , HIGH ( _0x1E + ( 172 ) )
                 	__POINTW2MN _0x1E,172
0002bc c00b      	RJMP _0x70
                 ; 0000 00EA 
                 ; 0000 00EB       else if(OCR2>1&&PORTC.1==1) //Motor2 On and INT3 (L298) On
                 _0x66:
0002bd b5e3      	IN   R30,0x23
0002be 30e2      	CPI  R30,LOW(0x2)
0002bf f010      	BRLO _0x6B
0002c0 99a9      	SBIC 0x15,1
0002c1 c001      	RJMP _0x6C
                 _0x6B:
0002c2 c003      	RJMP _0x6A
                 _0x6C:
                 ; 0000 00EC       lcd_puts("Mo2 On CCW");
                +
0002c3 e1a6     +LDI R26 , LOW ( _0x1E + ( 182 ) )
0002c4 e0b2     +LDI R27 , HIGH ( _0x1E + ( 182 ) )
                 	__POINTW2MN _0x1E,182
0002c5 c002      	RJMP _0x70
                 ; 0000 00ED 
                 ; 0000 00EE       else
                 _0x6A:
                 ; 0000 00EF       lcd_puts("Mo2 Off");          //Motor2 Off and INT3 && INT4 (L298) off
                +
0002c6 e2a1     +LDI R26 , LOW ( _0x1E + ( 193 ) )
0002c7 e0b2     +LDI R27 , HIGH ( _0x1E + ( 193 ) )
                 	__POINTW2MN _0x1E,193
                 _0x70:
0002c8 d095      	RCALL _lcd_puts
                 ; 0000 00F0 
                 ; 0000 00F1       lcd_gotoxy(11,1);
0002c9 e0eb      	LDI  R30,LOW(11)
0002ca 93ea      	ST   -Y,R30
0002cb e0a1      	LDI  R26,LOW(1)
0002cc d04a      	RCALL _lcd_gotoxy
                 ; 0000 00F2       itoa(rpm2,v);
0002cd 91e0 022d 	LDS  R30,_rpm2
0002cf 91f0 022e 	LDS  R31,_rpm2+1
0002d1 93fa      	ST   -Y,R31
0002d2 93ea      	ST   -Y,R30
0002d3 d157      	RCALL SUBOPT_0x8
0002d4 d15b      	RCALL SUBOPT_0x9
                 ; 0000 00F3       lcd_puts(v);
                 ; 0000 00F4 
                 ; 0000 00F5       lcd_gotoxy(13,1);
0002d5 e0a1      	LDI  R26,LOW(1)
0002d6 d040      	RCALL _lcd_gotoxy
                 ; 0000 00F6       lcd_puts("RPM");
                +
0002d7 e2a9     +LDI R26 , LOW ( _0x1E + ( 201 ) )
0002d8 e0b2     +LDI R27 , HIGH ( _0x1E + ( 201 ) )
                 	__POINTW2MN _0x1E,201
0002d9 d084      	RCALL _lcd_puts
                 ; 0000 00F7 
                 ; 0000 00F8       }
0002da cf16      	RJMP _0x25
                 ; 0000 00F9 }
                 _0x6E:
0002db cfff      	RJMP _0x6E
                 ; .FEND
                 
                 	.DSEG
                 _0x1E:
000160           	.BYTE 0xCD
                 	#ifndef __SLEEP_DEFINED__
                 	#endif
                     .equ __lcd_direction=__lcd_port-1
                     .equ __lcd_pin=__lcd_port-2
                     .equ __lcd_rs=0
                     .equ __lcd_rd=1
                     .equ __lcd_enable=2
                     .equ __lcd_busy_flag=7
                 
                 	.DSEG
                 
                 	.CSEG
                 __lcd_delay_G100:
                 ; .FSTART __lcd_delay_G100
0002dc e0ff          ldi   r31,15
                 __lcd_delay0:
0002dd 95fa          dec   r31
0002de f7f1          brne  __lcd_delay0
0002df 9508      	RET
                 ; .FEND
                 __lcd_ready:
                 ; .FSTART __lcd_ready
0002e0 b3aa          in    r26,__lcd_direction
0002e1 70af          andi  r26,0xf                 ;set as input
0002e2 bbaa          out   __lcd_direction,r26
0002e3 9ad9          sbi   __lcd_port,__lcd_rd     ;RD=1
0002e4 98d8          cbi   __lcd_port,__lcd_rs     ;RS=0
                 __lcd_busy:
0002e5 dff6      	RCALL __lcd_delay_G100
0002e6 9ada          sbi   __lcd_port,__lcd_enable ;EN=1
0002e7 dff4      	RCALL __lcd_delay_G100
0002e8 b3a9          in    r26,__lcd_pin
0002e9 98da          cbi   __lcd_port,__lcd_enable ;EN=0
0002ea dff1      	RCALL __lcd_delay_G100
0002eb 9ada          sbi   __lcd_port,__lcd_enable ;EN=1
0002ec dfef      	RCALL __lcd_delay_G100
0002ed 98da          cbi   __lcd_port,__lcd_enable ;EN=0
0002ee fda7          sbrc  r26,__lcd_busy_flag
0002ef cff5          rjmp  __lcd_busy
0002f0 9508      	RET
                 ; .FEND
                 __lcd_write_nibble_G100:
                 ; .FSTART __lcd_write_nibble_G100
0002f1 7fa0          andi  r26,0xf0
0002f2 2bab          or    r26,r27
0002f3 bbab          out   __lcd_port,r26          ;write
0002f4 9ada          sbi   __lcd_port,__lcd_enable ;EN=1
0002f5 dfe6      	RCALL __lcd_delay_G100
0002f6 98da          cbi   __lcd_port,__lcd_enable ;EN=0
0002f7 dfe4      	RCALL __lcd_delay_G100
0002f8 9508      	RET
                 ; .FEND
                 __lcd_write_data:
                 ; .FSTART __lcd_write_data
0002f9 93aa      	ST   -Y,R26
0002fa 98d9          cbi  __lcd_port,__lcd_rd 	  ;RD=0
0002fb b3aa          in    r26,__lcd_direction
0002fc 6fa7          ori   r26,0xf0 | (1<<__lcd_rs) | (1<<__lcd_rd) | (1<<__lcd_enable) ;set as output
0002fd bbaa          out   __lcd_direction,r26
0002fe b3bb          in    r27,__lcd_port
0002ff 70bf          andi  r27,0xf
000300 81a8          ld    r26,y
000301 dfef      	RCALL __lcd_write_nibble_G100
000302 81a8          ld    r26,y
000303 95a2          swap  r26
000304 dfec      	RCALL __lcd_write_nibble_G100
000305 9ad9          sbi   __lcd_port,__lcd_rd     ;RD=1
000306 940c 03b0 	JMP  _0x20C0001
                 ; .FEND
                 __lcd_read_nibble_G100:
                 ; .FSTART __lcd_read_nibble_G100
000308 9ada          sbi   __lcd_port,__lcd_enable ;EN=1
000309 dfd2      	RCALL __lcd_delay_G100
00030a b3e9          in    r30,__lcd_pin           ;read
00030b 98da          cbi   __lcd_port,__lcd_enable ;EN=0
00030c dfcf      	RCALL __lcd_delay_G100
00030d 7fe0          andi  r30,0xf0
00030e 9508      	RET
                 ; .FEND
                 _lcd_read_byte0_G100:
                 ; .FSTART _lcd_read_byte0_G100
00030f dfcc      	RCALL __lcd_delay_G100
000310 dff7      	RCALL __lcd_read_nibble_G100
000311 2fae          mov   r26,r30
000312 dff5      	RCALL __lcd_read_nibble_G100
000313 98d9          cbi   __lcd_port,__lcd_rd     ;RD=0
000314 95e2          swap  r30
000315 2bea          or    r30,r26
000316 9508      	RET
                 ; .FEND
                 _lcd_gotoxy:
                 ; .FSTART _lcd_gotoxy
000317 93aa      	ST   -Y,R26
000318 dfc7      	RCALL __lcd_ready
000319 81e8      	LD   R30,Y
00031a e0f0      	LDI  R31,0
00031b 59ee      	SUBI R30,LOW(-__base_y_G100)
00031c 4ffd      	SBCI R31,HIGH(-__base_y_G100)
00031d 81e0      	LD   R30,Z
00031e 81a9      	LDD  R26,Y+1
00031f 0fae      	ADD  R26,R30
000320 dfd8      	RCALL __lcd_write_data
000321 81e9      	LDD  R30,Y+1
000322 93e0 0266 	STS  __lcd_x,R30
000324 81e8      	LD   R30,Y
000325 93e0 0267 	STS  __lcd_y,R30
000327 9622      	ADIW R28,2
000328 9508      	RET
                 ; .FEND
                 _lcd_clear:
                 ; .FSTART _lcd_clear
000329 dfb6      	RCALL __lcd_ready
00032a e0a2      	LDI  R26,LOW(2)
00032b dfcd      	RCALL __lcd_write_data
00032c dfb3      	RCALL __lcd_ready
00032d e0ac      	LDI  R26,LOW(12)
00032e dfca      	RCALL __lcd_write_data
00032f dfb0      	RCALL __lcd_ready
000330 e0a1      	LDI  R26,LOW(1)
000331 dfc7      	RCALL __lcd_write_data
000332 e0e0      	LDI  R30,LOW(0)
000333 93e0 0267 	STS  __lcd_y,R30
000335 93e0 0266 	STS  __lcd_x,R30
000337 9508      	RET
                 ; .FEND
                 _lcd_putchar:
                 ; .FSTART _lcd_putchar
000338 93aa      	ST   -Y,R26
000339 93ef          push r30
00033a 93ff          push r31
00033b 81a8          ld   r26,y
00033c 9468          set
00033d 30aa          cpi  r26,10
00033e f039          breq __lcd_putchar1
00033f 94e8          clt
000340 91e0 0268 	LDS  R30,__lcd_maxx
000342 91a0 0266 	LDS  R26,__lcd_x
000344 17ae      	CP   R26,R30
000345 f058      	BRLO _0x2000004
                 	__lcd_putchar1:
000346 91e0 0267 	LDS  R30,__lcd_y
000348 5fef      	SUBI R30,-LOW(1)
000349 93e0 0267 	STS  __lcd_y,R30
00034b e0e0      	LDI  R30,LOW(0)
00034c 93ea      	ST   -Y,R30
00034d 91a0 0267 	LDS  R26,__lcd_y
00034f dfc7      	RCALL _lcd_gotoxy
000350 f04e      	brts __lcd_putchar0
                 _0x2000004:
000351 91e0 0266 	LDS  R30,__lcd_x
000353 5fef      	SUBI R30,-LOW(1)
000354 93e0 0266 	STS  __lcd_x,R30
000356 df89          rcall __lcd_ready
000357 9ad8          sbi  __lcd_port,__lcd_rs ;RS=1
000358 81a8      	LD   R26,Y
000359 df9f      	RCALL __lcd_write_data
                 __lcd_putchar0:
00035a 91ff          pop  r31
00035b 91ef          pop  r30
00035c 940c 03b0 	JMP  _0x20C0001
                 ; .FEND
                 _lcd_puts:
                 ; .FSTART _lcd_puts
00035e 93ba      	ST   -Y,R27
00035f 93aa      	ST   -Y,R26
000360 931a      	ST   -Y,R17
                 _0x2000005:
000361 81a9      	LDD  R26,Y+1
000362 81ba      	LDD  R27,Y+1+1
000363 91ed      	LD   R30,X+
000364 83a9      	STD  Y+1,R26
000365 83ba      	STD  Y+1+1,R27
000366 2f1e      	MOV  R17,R30
000367 30e0      	CPI  R30,0
000368 f019      	BREQ _0x2000007
000369 2fa1      	MOV  R26,R17
00036a dfcd      	RCALL _lcd_putchar
00036b cff5      	RJMP _0x2000005
                 _0x2000007:
00036c 8118      	LDD  R17,Y+0
00036d 9623      	ADIW R28,3
00036e 9508      	RET
                 ; .FEND
                 __long_delay_G100:
                 ; .FSTART __long_delay_G100
00036f 27aa          clr   r26
000370 27bb          clr   r27
                 __long_delay0:
000371 9711          sbiw  r26,1         ;2 cycles
000372 f7f1          brne  __long_delay0 ;2 cycles
000373 9508      	RET
                 ; .FEND
                 __lcd_init_write_G100:
                 ; .FSTART __lcd_init_write_G100
000374 93aa      	ST   -Y,R26
000375 98d9          cbi  __lcd_port,__lcd_rd 	  ;RD=0
000376 b3aa          in    r26,__lcd_direction
000377 6fa7          ori   r26,0xf7                ;set as output
000378 bbaa          out   __lcd_direction,r26
000379 b3bb          in    r27,__lcd_port
00037a 70bf          andi  r27,0xf
00037b 81a8          ld    r26,y
00037c df74      	RCALL __lcd_write_nibble_G100
00037d 9ad9          sbi   __lcd_port,__lcd_rd     ;RD=1
00037e c031      	RJMP _0x20C0001
                 ; .FEND
                 _lcd_init:
                 ; .FSTART _lcd_init
00037f 93aa      	ST   -Y,R26
000380 98da          cbi   __lcd_port,__lcd_enable ;EN=0
000381 98d8          cbi   __lcd_port,__lcd_rs     ;RS=0
000382 81e8      	LD   R30,Y
000383 93e0 0268 	STS  __lcd_maxx,R30
000385 58e0      	SUBI R30,-LOW(128)
                +
000386 93e0 0264+STS __base_y_G100 + ( 2 ) , R30
                 	__PUTB1MN __base_y_G100,2
000388 81e8      	LD   R30,Y
000389 54e0      	SUBI R30,-LOW(192)
                +
00038a 93e0 0265+STS __base_y_G100 + ( 3 ) , R30
                 	__PUTB1MN __base_y_G100,3
00038c dfe2      	RCALL __long_delay_G100
00038d e3a0      	LDI  R26,LOW(48)
00038e dfe5      	RCALL __lcd_init_write_G100
00038f dfdf      	RCALL __long_delay_G100
000390 e3a0      	LDI  R26,LOW(48)
000391 dfe2      	RCALL __lcd_init_write_G100
000392 dfdc      	RCALL __long_delay_G100
000393 e3a0      	LDI  R26,LOW(48)
000394 dfdf      	RCALL __lcd_init_write_G100
000395 dfd9      	RCALL __long_delay_G100
000396 e2a0      	LDI  R26,LOW(32)
000397 dfdc      	RCALL __lcd_init_write_G100
000398 dfd6      	RCALL __long_delay_G100
000399 e2a8      	LDI  R26,LOW(40)
00039a df5e      	RCALL __lcd_write_data
00039b dfd3      	RCALL __long_delay_G100
00039c e0a4      	LDI  R26,LOW(4)
00039d df5b      	RCALL __lcd_write_data
00039e dfd0      	RCALL __long_delay_G100
00039f e8a5      	LDI  R26,LOW(133)
0003a0 df58      	RCALL __lcd_write_data
0003a1 dfcd      	RCALL __long_delay_G100
0003a2 b3aa          in    r26,__lcd_direction
0003a3 70af          andi  r26,0xf                 ;set as input
0003a4 bbaa          out   __lcd_direction,r26
0003a5 9ad9          sbi   __lcd_port,__lcd_rd     ;RD=1
0003a6 df68      	RCALL _lcd_read_byte0_G100
0003a7 30e5      	CPI  R30,LOW(0x5)
0003a8 f011      	BREQ _0x200000B
0003a9 e0e0      	LDI  R30,LOW(0)
0003aa c005      	RJMP _0x20C0001
                 _0x200000B:
0003ab df34      	RCALL __lcd_ready
0003ac e0a6      	LDI  R26,LOW(6)
0003ad df4b      	RCALL __lcd_write_data
0003ae df7a      	RCALL _lcd_clear
0003af e0e1      	LDI  R30,LOW(1)
                 _0x20C0001:
0003b0 9621      	ADIW R28,1
0003b1 9508      	RET
                 ; .FEND
                 
                 	.CSEG
                 _itoa:
                 ; .FSTART _itoa
0003b2 93ba      	ST   -Y,R27
0003b3 93aa      	ST   -Y,R26
0003b4 91a9          ld   r26,y+
0003b5 91b9          ld   r27,y+
0003b6 91e9          ld   r30,y+
0003b7 91f9          ld   r31,y+
0003b8 9630          adiw r30,0
0003b9 f42a          brpl __itoa0
0003ba 95e0          com  r30
0003bb 95f0          com  r31
0003bc 9631          adiw r30,1
0003bd e26d          ldi  r22,'-'
0003be 936d          st   x+,r22
                 __itoa0:
0003bf 94e8          clt
0003c0 e180          ldi  r24,low(10000)
0003c1 e297          ldi  r25,high(10000)
0003c2 d00d          rcall __itoa1
0003c3 ee88          ldi  r24,low(1000)
0003c4 e093          ldi  r25,high(1000)
0003c5 d00a          rcall __itoa1
0003c6 e684          ldi  r24,100
0003c7 2799          clr  r25
0003c8 d007          rcall __itoa1
0003c9 e08a          ldi  r24,10
0003ca d005          rcall __itoa1
0003cb 2f6e          mov  r22,r30
0003cc d010          rcall __itoa5
0003cd 2766          clr  r22
0003ce 936c          st   x,r22
0003cf 9508          ret
                 
                 __itoa1:
0003d0 2766          clr	 r22
                 __itoa2:
0003d1 17e8          cp   r30,r24
0003d2 07f9          cpc  r31,r25
0003d3 f020          brlo __itoa3
0003d4 9563          inc  r22
0003d5 1be8          sub  r30,r24
0003d6 0bf9          sbc  r31,r25
0003d7 f7c9          brne __itoa2
                 __itoa3:
0003d8 2366          tst  r22
0003d9 f411          brne __itoa4
0003da f016          brts __itoa5
0003db 9508          ret
                 __itoa4:
0003dc 9468          set
                 __itoa5:
0003dd 5d60          subi r22,-0x30
0003de 936d          st   x+,r22
0003df 9508          ret
                 ; .FEND
                 
                 	.DSEG
                 
                 	.CSEG
                 
                 	.CSEG
                 _strcmp:
                 ; .FSTART _strcmp
0003e0 93ba      	ST   -Y,R27
0003e1 93aa      	ST   -Y,R26
0003e2 91e9          ld   r30,y+
0003e3 91f9          ld   r31,y+
0003e4 91a9          ld   r26,y+
0003e5 91b9          ld   r27,y+
                 strcmp0:
0003e6 916d          ld   r22,x+
0003e7 9171          ld   r23,z+
0003e8 1767          cp   r22,r23
0003e9 f421          brne strcmp1
0003ea 2366          tst  r22
0003eb f7d1          brne strcmp0
                 strcmp3:
0003ec 27ee          clr  r30
0003ed 9508          ret
                 strcmp1:
0003ee 1b67          sub  r22,r23
0003ef f3e1          breq strcmp3
0003f0 e0e1          ldi  r30,1
0003f1 f408          brcc strcmp2
0003f2 50e2          subi r30,2
                 strcmp2:
0003f3 9508          ret
                 ; .FEND
                 	#ifndef __SLEEP_DEFINED__
                 	#endif
                 
                 	.CSEG
                 
                 	.CSEG
                 
                 	.CSEG
                 
                 	.DSEG
                 _rpm2:
00022d           	.BYTE 0x2
                 _v:
00022f           	.BYTE 0x2
                 _ch:
000231           	.BYTE 0x1
                 _i:
000232           	.BYTE 0x1
                 _j:
000233           	.BYTE 0x1
                 _k:
000234           	.BYTE 0x1
                 _txt:
000235           	.BYTE 0xC
                 _tx1:
000241           	.BYTE 0x12
                 _txt2:
000253           	.BYTE 0xF
                 __base_y_G100:
000262           	.BYTE 0x4
                 __lcd_x:
000266           	.BYTE 0x1
                 __lcd_y:
000267           	.BYTE 0x1
                 __lcd_maxx:
000268           	.BYTE 0x1
                 __seed_G101:
000269           	.BYTE 0x4
                 
                 	.CSEG
                 ;OPTIMIZER ADDED SUBROUTINE, CALLED 2 TIMES, CODE SIZE REDUCTION:2 WORDS
                 SUBOPT_0x0:
0003f4 91e0 0232 	LDS  R30,_i
0003f6 e0f0      	LDI  R31,0
0003f7 5ceb      	SUBI R30,LOW(-_txt)
0003f8 4ffd      	SBCI R31,HIGH(-_txt)
0003f9 9508      	RET
                 
                 ;OPTIMIZER ADDED SUBROUTINE, CALLED 3 TIMES, CODE SIZE REDUCTION:8 WORDS
                 SUBOPT_0x1:
0003fa 91e0 0234 	LDS  R30,_k
0003fc e0f0      	LDI  R31,0
0003fd 5aed      	SUBI R30,LOW(-_txt2)
0003fe 4ffd      	SBCI R31,HIGH(-_txt2)
0003ff 81e0      	LD   R30,Z
000400 9508      	RET
                 
                 ;OPTIMIZER ADDED SUBROUTINE, CALLED 4 TIMES, CODE SIZE REDUCTION:13 WORDS
                 SUBOPT_0x2:
000401 91e0 0233 	LDS  R30,_j
000403 e0f0      	LDI  R31,0
000404 5bef      	SUBI R30,LOW(-_tx1)
000405 4ffd      	SBCI R31,HIGH(-_tx1)
000406 81e0      	LD   R30,Z
000407 9508      	RET
                 
                 ;OPTIMIZER ADDED SUBROUTINE, CALLED 2 TIMES, CODE SIZE REDUCTION:3 WORDS
                 SUBOPT_0x3:
000408 b9ec      	OUT  0xC,R30
000409 91e0 0233 	LDS  R30,_j
00040b 5fef      	SUBI R30,-LOW(1)
00040c 93e0 0233 	STS  _j,R30
00040e 9508      	RET
                 
                 ;OPTIMIZER ADDED SUBROUTINE, CALLED 2 TIMES, CODE SIZE REDUCTION:1 WORDS
                 SUBOPT_0x4:
00040f 93ea      	ST   -Y,R30
000410 93fa      	ST   -Y,R31
000411 b7ef      	IN   R30,SREG
000412 93ea      	ST   -Y,R30
000413 9508      	RET
                 
                 ;OPTIMIZER ADDED SUBROUTINE, CALLED 2 TIMES, CODE SIZE REDUCTION:6 WORDS
                 SUBOPT_0x5:
000414 920a      	ST   -Y,R0
000415 921a      	ST   -Y,R1
000416 939a      	ST   -Y,R25
000417 93aa      	ST   -Y,R26
000418 93ba      	ST   -Y,R27
000419 93ea      	ST   -Y,R30
00041a 93fa      	ST   -Y,R31
00041b b7ef      	IN   R30,SREG
00041c 93ea      	ST   -Y,R30
00041d 9508      	RET
                 
                 ;OPTIMIZER ADDED SUBROUTINE, CALLED 2 TIMES, CODE SIZE REDUCTION:4 WORDS
                 SUBOPT_0x6:
00041e e3ac      	LDI  R26,LOW(60)
00041f e0b0      	LDI  R27,HIGH(60)
000420 d015      	RCALL __MULW12U
000421 01df      	MOVW R26,R30
000422 e1e4      	LDI  R30,LOW(20)
000423 e0f0      	LDI  R31,HIGH(20)
000424 d019      	RCALL __DIVW21U
000425 9508      	RET
                 
                 ;OPTIMIZER ADDED SUBROUTINE, CALLED 14 TIMES, CODE SIZE REDUCTION:37 WORDS
                 SUBOPT_0x7:
000426 e3e5      	LDI  R30,LOW(_txt)
000427 e0f2      	LDI  R31,HIGH(_txt)
000428 93fa      	ST   -Y,R31
000429 93ea      	ST   -Y,R30
00042a 9508      	RET
                 
                 ;OPTIMIZER ADDED SUBROUTINE, CALLED 4 TIMES, CODE SIZE REDUCTION:7 WORDS
                 SUBOPT_0x8:
00042b 91a0 022f 	LDS  R26,_v
00042d 91b0 0230 	LDS  R27,_v+1
00042f 9508      	RET
                 
                 ;OPTIMIZER ADDED SUBROUTINE, CALLED 2 TIMES, CODE SIZE REDUCTION:2 WORDS
                 SUBOPT_0x9:
000430 df81      	RCALL _itoa
000431 dff9      	RCALL SUBOPT_0x8
000432 df2b      	RCALL _lcd_puts
000433 e0ed      	LDI  R30,LOW(13)
000434 93ea      	ST   -Y,R30
000435 9508      	RET
                 
                 ;RUNTIME LIBRARY
                 
                 	.CSEG
                 __MULW12U:
000436 9ffa      	MUL  R31,R26
000437 2df0      	MOV  R31,R0
000438 9feb      	MUL  R30,R27
000439 0df0      	ADD  R31,R0
00043a 9fea      	MUL  R30,R26
00043b 2de0      	MOV  R30,R0
00043c 0df1      	ADD  R31,R1
00043d 9508      	RET
                 
                 __DIVW21U:
00043e 2400      	CLR  R0
00043f 2411      	CLR  R1
000440 e190      	LDI  R25,16
                 __DIVW21U1:
000441 0faa      	LSL  R26
000442 1fbb      	ROL  R27
000443 1c00      	ROL  R0
000444 1c11      	ROL  R1
000445 1a0e      	SUB  R0,R30
000446 0a1f      	SBC  R1,R31
000447 f418      	BRCC __DIVW21U2
000448 0e0e      	ADD  R0,R30
000449 1e1f      	ADC  R1,R31
00044a c001      	RJMP __DIVW21U3
                 __DIVW21U2:
00044b 60a1      	SBR  R26,1
                 __DIVW21U3:
00044c 959a      	DEC  R25
00044d f799      	BRNE __DIVW21U1
00044e 01fd      	MOVW R30,R26
00044f 01d0      	MOVW R26,R0
000450 9508      	RET
                 
                 _delay_ms:
000451 9610      	adiw r26,0
000452 f039      	breq __delay_ms1
                 __delay_ms0:
000453 95a8      	wdr
                +
000454 ed80     +LDI R24 , LOW ( 0x7D0 )
000455 e097     +LDI R25 , HIGH ( 0x7D0 )
                +__DELAY_USW_LOOP :
000456 9701     +SBIW R24 , 1
000457 f7f1     +BRNE __DELAY_USW_LOOP
                 	__DELAY_USW 0x7D0
000458 9711      	sbiw r26,1
000459 f7c9      	brne __delay_ms0
                 __delay_ms1:
00045a 9508      	ret
                 
                 ;END OF CODE MARKER
                 __END_OF_CODE:


RESOURCE USE INFORMATION
------------------------

Notice:
The register and instruction counts are symbol table hit counts,
and hence implicitly used resources are not counted, eg, the
'lpm' instruction without operands implicitly uses r0 and z,
none of which are counted.

x,y,z are separate entities in the symbol table and are
counted separately from r26..r31 here.

.dseg memory usage only counts static data declared with .byte

ATmega16A register use summary:
r0 :  14 r1 :   8 r2 :   0 r3 :   0 r4 :   5 r5 :   2 r6 :   5 r7 :   2 
r8 :   4 r9 :   2 r10:   4 r11:   2 r12:   2 r13:   1 r14:   0 r15:   0 
r16:   0 r17:   4 r18:   0 r19:   0 r20:   0 r21:   0 r22:  16 r23:   3 
r24:  15 r25:  12 r26: 121 r27:  46 r28:   4 r29:   1 r30: 248 r31:  42 
x  :   8 y  :  78 z  :  13 
Registers used: 26 out of 35 (74.3%)

ATmega16A instruction use summary:
.lds  :   0 .lds.l:   0 .sts  :   0 .sts.l:   0 adc   :   1 add   :   4 
adiw  :  10 and   :   0 andi  :   6 asr   :   0 bclr  :   0 bld   :   0 
brbc  :   0 brbs  :   0 brcc  :   2 brcs  :   0 break :   0 breq  :  13 
brge  :   0 brhc  :   0 brhs  :   0 brid  :   0 brie  :   0 brlo  :   8 
brlt  :   0 brmi  :   0 brne  :  30 brpl  :   1 brsh  :   1 brtc  :   0 
brts  :   2 brvc  :   0 brvs  :   0 bset  :   0 bst   :   0 call  :   0 
cbi   :  20 cbr   :   0 clc   :   0 clh   :   0 cli   :   1 cln   :   0 
clr   :  22 cls   :   0 clt   :   2 clv   :   0 clz   :   0 com   :   2 
cp    :   7 cpc   :   3 cpi   :  31 cpse  :   0 dec   :   3 des   :   0 
eor   :   0 fmul  :   0 fmuls :   0 fmulsu:   0 icall :   0 ijmp  :   0 
in    :  21 inc   :   1 jmp   :  24 ld    :  38 ldd   :   5 ldi   : 153 
lds   :  18 lpm   :   7 lsl   :   1 lsr   :   0 mov   :   6 movw  :  17 
mul   :   3 muls  :   0 mulsu :   0 neg   :   0 nop   :   0 or    :   2 
ori   :   2 out   :  41 pop   :   2 push  :   2 rcall : 120 ret   :  28 
reti  :   3 rjmp  :  36 rol   :   3 ror   :   0 sbc   :   2 sbci  :   4 
sbi   :  15 sbic  :   6 sbis  :   6 sbiw  :   6 sbr   :   1 sbrc  :   1 
sbrs  :   0 sec   :   0 seh   :   0 sei   :   1 sen   :   0 ser   :   0 
ses   :   0 set   :   2 sev   :   0 sez   :   0 sleep :   0 spm   :   0 
st    :  45 std   :   4 sts   :  21 sub   :   3 subi  :  13 swap  :   2 
tst   :   2 wdr   :   1 
Instructions used: 60 out of 116 (51.7%)

ATmega16A memory use summary [bytes]:
Segment   Begin    End      Code   Data   Used    Size   Use%
---------------------------------------------------------------
[.cseg] 0x000000 0x0008b6   1800    430   2230   16384  13.6%
[.dseg] 0x000060 0x00026d      0    269    269    1024  26.3%
[.eseg] 0x000000 0x000000      0      0      0     512   0.0%

Assembly complete, 0 errors, 14 warnings
