
AVRASM ver. 2.1.30  C:\Users\HP\Desktop\Code 1\List\ad.asm Sun Jan 05 15:23:12 2020

C:\Users\HP\Desktop\Code 1\List\ad.asm(1072): warning: Register r4 already defined by the .DEF directive
C:\Users\HP\Desktop\Code 1\List\ad.asm(1073): warning: Register r7 already defined by the .DEF directive
C:\Users\HP\Desktop\Code 1\List\ad.asm(1074): warning: Register r6 already defined by the .DEF directive
C:\Users\HP\Desktop\Code 1\List\ad.asm(1075): warning: Register r9 already defined by the .DEF directive
                 
                 
                 ;CodeVisionAVR C Compiler V2.05.3 Standard
                 ;(C) Copyright 1998-2011 Pavel Haiduc, HP InfoTech s.r.l.
                 ;http://www.hpinfotech.com
                 
                 ;Chip type                : ATmega16
                 ;Program type             : Application
                 ;Clock frequency          : 8.000000 MHz
                 ;Memory model             : Small
                 ;Optimize for             : Size
                 ;(s)printf features       : int, width
                 ;(s)scanf features        : int, width
                 ;External RAM size        : 0
                 ;Data Stack size          : 256 byte(s)
                 ;Heap size                : 0 byte(s)
                 ;Promote 'char' to 'int'  : Yes
                 ;'char' is unsigned       : Yes
                 ;8 bit enums              : Yes
                 ;Global 'const' stored in FLASH     : No
                 ;Enhanced function parameter passing: Yes
                 ;Enhanced core instructions         : On
                 ;Smart register allocation          : On
                 ;Automatic register allocation      : On
                 
                 	#pragma AVRPART ADMIN PART_NAME ATmega16
                 	#pragma AVRPART MEMORY PROG_FLASH 16384
                 	#pragma AVRPART MEMORY EEPROM 512
                 	#pragma AVRPART MEMORY INT_SRAM SIZE 1119
                 	#pragma AVRPART MEMORY INT_SRAM START_ADDR 0x60
                 
                 	#define CALL_SUPPORTED 1
                 
                 	.LISTMAC
                 	.EQU UDRE=0x5
                 	.EQU RXC=0x7
                 	.EQU USR=0xB
                 	.EQU UDR=0xC
                 	.EQU SPSR=0xE
                 	.EQU SPDR=0xF
                 	.EQU EERE=0x0
                 	.EQU EEWE=0x1
                 	.EQU EEMWE=0x2
                 	.EQU EECR=0x1C
                 	.EQU EEDR=0x1D
                 	.EQU EEARL=0x1E
                 	.EQU EEARH=0x1F
                 	.EQU WDTCR=0x21
                 	.EQU MCUCR=0x35
                 	.EQU GICR=0x3B
                 	.EQU SPL=0x3D
                 	.EQU SPH=0x3E
                 	.EQU SREG=0x3F
                 
                 	.DEF R0X0=R0
                 	.DEF R0X1=R1
                 	.DEF R0X2=R2
                 	.DEF R0X3=R3
                 	.DEF R0X4=R4
                 	.DEF R0X5=R5
                 	.DEF R0X6=R6
                 	.DEF R0X7=R7
                 	.DEF R0X8=R8
                 	.DEF R0X9=R9
                 	.DEF R0XA=R10
                 	.DEF R0XB=R11
                 	.DEF R0XC=R12
                 	.DEF R0XD=R13
                 	.DEF R0XE=R14
                 	.DEF R0XF=R15
                 	.DEF R0X10=R16
                 	.DEF R0X11=R17
                 	.DEF R0X12=R18
                 	.DEF R0X13=R19
                 	.DEF R0X14=R20
                 	.DEF R0X15=R21
                 	.DEF R0X16=R22
                 	.DEF R0X17=R23
                 	.DEF R0X18=R24
                 	.DEF R0X19=R25
                 	.DEF R0X1A=R26
                 	.DEF R0X1B=R27
                 	.DEF R0X1C=R28
                 	.DEF R0X1D=R29
                 	.DEF R0X1E=R30
                 	.DEF R0X1F=R31
                 
                 	.EQU __SRAM_START=0x0060
                 	.EQU __SRAM_END=0x045F
                 	.EQU __DSTACK_SIZE=0x0100
                 	.EQU __HEAP_SIZE=0x0000
                 	.EQU __CLEAR_SRAM_SIZE=__SRAM_END-__SRAM_START+1
                 
                 	.MACRO __CPD1N
                 	CPI  R30,LOW(@0)
                 	LDI  R26,HIGH(@0)
                 	CPC  R31,R26
                 	LDI  R26,BYTE3(@0)
                 	CPC  R22,R26
                 	LDI  R26,BYTE4(@0)
                 	CPC  R23,R26
                 	.ENDM
                 
                 	.MACRO __CPD2N
                 	CPI  R26,LOW(@0)
                 	LDI  R30,HIGH(@0)
                 	CPC  R27,R30
                 	LDI  R30,BYTE3(@0)
                 	CPC  R24,R30
                 	LDI  R30,BYTE4(@0)
                 	CPC  R25,R30
                 	.ENDM
                 
                 	.MACRO __CPWRR
                 	CP   R@0,R@2
                 	CPC  R@1,R@3
                 	.ENDM
                 
                 	.MACRO __CPWRN
                 	CPI  R@0,LOW(@2)
                 	LDI  R30,HIGH(@2)
                 	CPC  R@1,R30
                 	.ENDM
                 
                 	.MACRO __ADDB1MN
                 	SUBI R30,LOW(-@0-(@1))
                 	.ENDM
                 
                 	.MACRO __ADDB2MN
                 	SUBI R26,LOW(-@0-(@1))
                 	.ENDM
                 
                 	.MACRO __ADDW1MN
                 	SUBI R30,LOW(-@0-(@1))
                 	SBCI R31,HIGH(-@0-(@1))
                 	.ENDM
                 
                 	.MACRO __ADDW2MN
                 	SUBI R26,LOW(-@0-(@1))
                 	SBCI R27,HIGH(-@0-(@1))
                 	.ENDM
                 
                 	.MACRO __ADDW1FN
                 	SUBI R30,LOW(-2*@0-(@1))
                 	SBCI R31,HIGH(-2*@0-(@1))
                 	.ENDM
                 
                 	.MACRO __ADDD1FN
                 	SUBI R30,LOW(-2*@0-(@1))
                 	SBCI R31,HIGH(-2*@0-(@1))
                 	SBCI R22,BYTE3(-2*@0-(@1))
                 	.ENDM
                 
                 	.MACRO __ADDD1N
                 	SUBI R30,LOW(-@0)
                 	SBCI R31,HIGH(-@0)
                 	SBCI R22,BYTE3(-@0)
                 	SBCI R23,BYTE4(-@0)
                 	.ENDM
                 
                 	.MACRO __ADDD2N
                 	SUBI R26,LOW(-@0)
                 	SBCI R27,HIGH(-@0)
                 	SBCI R24,BYTE3(-@0)
                 	SBCI R25,BYTE4(-@0)
                 	.ENDM
                 
                 	.MACRO __SUBD1N
                 	SUBI R30,LOW(@0)
                 	SBCI R31,HIGH(@0)
                 	SBCI R22,BYTE3(@0)
                 	SBCI R23,BYTE4(@0)
                 	.ENDM
                 
                 	.MACRO __SUBD2N
                 	SUBI R26,LOW(@0)
                 	SBCI R27,HIGH(@0)
                 	SBCI R24,BYTE3(@0)
                 	SBCI R25,BYTE4(@0)
                 	.ENDM
                 
                 	.MACRO __ANDBMNN
                 	LDS  R30,@0+(@1)
                 	ANDI R30,LOW(@2)
                 	STS  @0+(@1),R30
                 	.ENDM
                 
                 	.MACRO __ANDWMNN
                 	LDS  R30,@0+(@1)
                 	ANDI R30,LOW(@2)
                 	STS  @0+(@1),R30
                 	LDS  R30,@0+(@1)+1
                 	ANDI R30,HIGH(@2)
                 	STS  @0+(@1)+1,R30
                 	.ENDM
                 
                 	.MACRO __ANDD1N
                 	ANDI R30,LOW(@0)
                 	ANDI R31,HIGH(@0)
                 	ANDI R22,BYTE3(@0)
                 	ANDI R23,BYTE4(@0)
                 	.ENDM
                 
                 	.MACRO __ANDD2N
                 	ANDI R26,LOW(@0)
                 	ANDI R27,HIGH(@0)
                 	ANDI R24,BYTE3(@0)
                 	ANDI R25,BYTE4(@0)
                 	.ENDM
                 
                 	.MACRO __ORBMNN
                 	LDS  R30,@0+(@1)
                 	ORI  R30,LOW(@2)
                 	STS  @0+(@1),R30
                 	.ENDM
                 
                 	.MACRO __ORWMNN
                 	LDS  R30,@0+(@1)
                 	ORI  R30,LOW(@2)
                 	STS  @0+(@1),R30
                 	LDS  R30,@0+(@1)+1
                 	ORI  R30,HIGH(@2)
                 	STS  @0+(@1)+1,R30
                 	.ENDM
                 
                 	.MACRO __ORD1N
                 	ORI  R30,LOW(@0)
                 	ORI  R31,HIGH(@0)
                 	ORI  R22,BYTE3(@0)
                 	ORI  R23,BYTE4(@0)
                 	.ENDM
                 
                 	.MACRO __ORD2N
                 	ORI  R26,LOW(@0)
                 	ORI  R27,HIGH(@0)
                 	ORI  R24,BYTE3(@0)
                 	ORI  R25,BYTE4(@0)
                 	.ENDM
                 
                 	.MACRO __DELAY_USB
                 	LDI  R24,LOW(@0)
                 __DELAY_USB_LOOP:
                 	DEC  R24
                 	BRNE __DELAY_USB_LOOP
                 	.ENDM
                 
                 	.MACRO __DELAY_USW
                 	LDI  R24,LOW(@0)
                 	LDI  R25,HIGH(@0)
                 __DELAY_USW_LOOP:
                 	SBIW R24,1
                 	BRNE __DELAY_USW_LOOP
                 	.ENDM
                 
                 	.MACRO __GETD1S
                 	LDD  R30,Y+@0
                 	LDD  R31,Y+@0+1
                 	LDD  R22,Y+@0+2
                 	LDD  R23,Y+@0+3
                 	.ENDM
                 
                 	.MACRO __GETD2S
                 	LDD  R26,Y+@0
                 	LDD  R27,Y+@0+1
                 	LDD  R24,Y+@0+2
                 	LDD  R25,Y+@0+3
                 	.ENDM
                 
                 	.MACRO __PUTD1S
                 	STD  Y+@0,R30
                 	STD  Y+@0+1,R31
                 	STD  Y+@0+2,R22
                 	STD  Y+@0+3,R23
                 	.ENDM
                 
                 	.MACRO __PUTD2S
                 	STD  Y+@0,R26
                 	STD  Y+@0+1,R27
                 	STD  Y+@0+2,R24
                 	STD  Y+@0+3,R25
                 	.ENDM
                 
                 	.MACRO __PUTDZ2
                 	STD  Z+@0,R26
                 	STD  Z+@0+1,R27
                 	STD  Z+@0+2,R24
                 	STD  Z+@0+3,R25
                 	.ENDM
                 
                 	.MACRO __CLRD1S
                 	STD  Y+@0,R30
                 	STD  Y+@0+1,R30
                 	STD  Y+@0+2,R30
                 	STD  Y+@0+3,R30
                 	.ENDM
                 
                 	.MACRO __POINTB1MN
                 	LDI  R30,LOW(@0+(@1))
                 	.ENDM
                 
                 	.MACRO __POINTW1MN
                 	LDI  R30,LOW(@0+(@1))
                 	LDI  R31,HIGH(@0+(@1))
                 	.ENDM
                 
                 	.MACRO __POINTD1M
                 	LDI  R30,LOW(@0)
                 	LDI  R31,HIGH(@0)
                 	LDI  R22,BYTE3(@0)
                 	LDI  R23,BYTE4(@0)
                 	.ENDM
                 
                 	.MACRO __POINTW1FN
                 	LDI  R30,LOW(2*@0+(@1))
                 	LDI  R31,HIGH(2*@0+(@1))
                 	.ENDM
                 
                 	.MACRO __POINTD1FN
                 	LDI  R30,LOW(2*@0+(@1))
                 	LDI  R31,HIGH(2*@0+(@1))
                 	LDI  R22,BYTE3(2*@0+(@1))
                 	LDI  R23,BYTE4(2*@0+(@1))
                 	.ENDM
                 
                 	.MACRO __POINTB2MN
                 	LDI  R26,LOW(@0+(@1))
                 	.ENDM
                 
                 	.MACRO __POINTW2MN
                 	LDI  R26,LOW(@0+(@1))
                 	LDI  R27,HIGH(@0+(@1))
                 	.ENDM
                 
                 	.MACRO __POINTW2FN
                 	LDI  R26,LOW(2*@0+(@1))
                 	LDI  R27,HIGH(2*@0+(@1))
                 	.ENDM
                 
                 	.MACRO __POINTD2FN
                 	LDI  R26,LOW(2*@0+(@1))
                 	LDI  R27,HIGH(2*@0+(@1))
                 	LDI  R24,BYTE3(2*@0+(@1))
                 	LDI  R25,BYTE4(2*@0+(@1))
                 	.ENDM
                 
                 	.MACRO __POINTBRM
                 	LDI  R@0,LOW(@1)
                 	.ENDM
                 
                 	.MACRO __POINTWRM
                 	LDI  R@0,LOW(@2)
                 	LDI  R@1,HIGH(@2)
                 	.ENDM
                 
                 	.MACRO __POINTBRMN
                 	LDI  R@0,LOW(@1+(@2))
                 	.ENDM
                 
                 	.MACRO __POINTWRMN
                 	LDI  R@0,LOW(@2+(@3))
                 	LDI  R@1,HIGH(@2+(@3))
                 	.ENDM
                 
                 	.MACRO __POINTWRFN
                 	LDI  R@0,LOW(@2*2+(@3))
                 	LDI  R@1,HIGH(@2*2+(@3))
                 	.ENDM
                 
                 	.MACRO __GETD1N
                 	LDI  R30,LOW(@0)
                 	LDI  R31,HIGH(@0)
                 	LDI  R22,BYTE3(@0)
                 	LDI  R23,BYTE4(@0)
                 	.ENDM
                 
                 	.MACRO __GETD2N
                 	LDI  R26,LOW(@0)
                 	LDI  R27,HIGH(@0)
                 	LDI  R24,BYTE3(@0)
                 	LDI  R25,BYTE4(@0)
                 	.ENDM
                 
                 	.MACRO __GETB1MN
                 	LDS  R30,@0+(@1)
                 	.ENDM
                 
                 	.MACRO __GETB1HMN
                 	LDS  R31,@0+(@1)
                 	.ENDM
                 
                 	.MACRO __GETW1MN
                 	LDS  R30,@0+(@1)
                 	LDS  R31,@0+(@1)+1
                 	.ENDM
                 
                 	.MACRO __GETD1MN
                 	LDS  R30,@0+(@1)
                 	LDS  R31,@0+(@1)+1
                 	LDS  R22,@0+(@1)+2
                 	LDS  R23,@0+(@1)+3
                 	.ENDM
                 
                 	.MACRO __GETBRMN
                 	LDS  R@0,@1+(@2)
                 	.ENDM
                 
                 	.MACRO __GETWRMN
                 	LDS  R@0,@2+(@3)
                 	LDS  R@1,@2+(@3)+1
                 	.ENDM
                 
                 	.MACRO __GETWRZ
                 	LDD  R@0,Z+@2
                 	LDD  R@1,Z+@2+1
                 	.ENDM
                 
                 	.MACRO __GETD2Z
                 	LDD  R26,Z+@0
                 	LDD  R27,Z+@0+1
                 	LDD  R24,Z+@0+2
                 	LDD  R25,Z+@0+3
                 	.ENDM
                 
                 	.MACRO __GETB2MN
                 	LDS  R26,@0+(@1)
                 	.ENDM
                 
                 	.MACRO __GETW2MN
                 	LDS  R26,@0+(@1)
                 	LDS  R27,@0+(@1)+1
                 	.ENDM
                 
                 	.MACRO __GETD2MN
                 	LDS  R26,@0+(@1)
                 	LDS  R27,@0+(@1)+1
                 	LDS  R24,@0+(@1)+2
                 	LDS  R25,@0+(@1)+3
                 	.ENDM
                 
                 	.MACRO __PUTB1MN
                 	STS  @0+(@1),R30
                 	.ENDM
                 
                 	.MACRO __PUTW1MN
                 	STS  @0+(@1),R30
                 	STS  @0+(@1)+1,R31
                 	.ENDM
                 
                 	.MACRO __PUTD1MN
                 	STS  @0+(@1),R30
                 	STS  @0+(@1)+1,R31
                 	STS  @0+(@1)+2,R22
                 	STS  @0+(@1)+3,R23
                 	.ENDM
                 
                 	.MACRO __PUTB1EN
                 	LDI  R26,LOW(@0+(@1))
                 	LDI  R27,HIGH(@0+(@1))
                 	CALL __EEPROMWRB
                 	.ENDM
                 
                 	.MACRO __PUTW1EN
                 	LDI  R26,LOW(@0+(@1))
                 	LDI  R27,HIGH(@0+(@1))
                 	CALL __EEPROMWRW
                 	.ENDM
                 
                 	.MACRO __PUTD1EN
                 	LDI  R26,LOW(@0+(@1))
                 	LDI  R27,HIGH(@0+(@1))
                 	CALL __EEPROMWRD
                 	.ENDM
                 
                 	.MACRO __PUTBR0MN
                 	STS  @0+(@1),R0
                 	.ENDM
                 
                 	.MACRO __PUTBMRN
                 	STS  @0+(@1),R@2
                 	.ENDM
                 
                 	.MACRO __PUTWMRN
                 	STS  @0+(@1),R@2
                 	STS  @0+(@1)+1,R@3
                 	.ENDM
                 
                 	.MACRO __PUTBZR
                 	STD  Z+@1,R@0
                 	.ENDM
                 
                 	.MACRO __PUTWZR
                 	STD  Z+@2,R@0
                 	STD  Z+@2+1,R@1
                 	.ENDM
                 
                 	.MACRO __GETW1R
                 	MOV  R30,R@0
                 	MOV  R31,R@1
                 	.ENDM
                 
                 	.MACRO __GETW2R
                 	MOV  R26,R@0
                 	MOV  R27,R@1
                 	.ENDM
                 
                 	.MACRO __GETWRN
                 	LDI  R@0,LOW(@2)
                 	LDI  R@1,HIGH(@2)
                 	.ENDM
                 
                 	.MACRO __PUTW1R
                 	MOV  R@0,R30
                 	MOV  R@1,R31
                 	.ENDM
                 
                 	.MACRO __PUTW2R
                 	MOV  R@0,R26
                 	MOV  R@1,R27
                 	.ENDM
                 
                 	.MACRO __ADDWRN
                 	SUBI R@0,LOW(-@2)
                 	SBCI R@1,HIGH(-@2)
                 	.ENDM
                 
                 	.MACRO __ADDWRR
                 	ADD  R@0,R@2
                 	ADC  R@1,R@3
                 	.ENDM
                 
                 	.MACRO __SUBWRN
                 	SUBI R@0,LOW(@2)
                 	SBCI R@1,HIGH(@2)
                 	.ENDM
                 
                 	.MACRO __SUBWRR
                 	SUB  R@0,R@2
                 	SBC  R@1,R@3
                 	.ENDM
                 
                 	.MACRO __ANDWRN
                 	ANDI R@0,LOW(@2)
                 	ANDI R@1,HIGH(@2)
                 	.ENDM
                 
                 	.MACRO __ANDWRR
                 	AND  R@0,R@2
                 	AND  R@1,R@3
                 	.ENDM
                 
                 	.MACRO __ORWRN
                 	ORI  R@0,LOW(@2)
                 	ORI  R@1,HIGH(@2)
                 	.ENDM
                 
                 	.MACRO __ORWRR
                 	OR   R@0,R@2
                 	OR   R@1,R@3
                 	.ENDM
                 
                 	.MACRO __EORWRR
                 	EOR  R@0,R@2
                 	EOR  R@1,R@3
                 	.ENDM
                 
                 	.MACRO __GETWRS
                 	LDD  R@0,Y+@2
                 	LDD  R@1,Y+@2+1
                 	.ENDM
                 
                 	.MACRO __PUTBSR
                 	STD  Y+@1,R@0
                 	.ENDM
                 
                 	.MACRO __PUTWSR
                 	STD  Y+@2,R@0
                 	STD  Y+@2+1,R@1
                 	.ENDM
                 
                 	.MACRO __MOVEWRR
                 	MOV  R@0,R@2
                 	MOV  R@1,R@3
                 	.ENDM
                 
                 	.MACRO __INWR
                 	IN   R@0,@2
                 	IN   R@1,@2+1
                 	.ENDM
                 
                 	.MACRO __OUTWR
                 	OUT  @2+1,R@1
                 	OUT  @2,R@0
                 	.ENDM
                 
                 	.MACRO __CALL1MN
                 	LDS  R30,@0+(@1)
                 	LDS  R31,@0+(@1)+1
                 	ICALL
                 	.ENDM
                 
                 	.MACRO __CALL1FN
                 	LDI  R30,LOW(2*@0+(@1))
                 	LDI  R31,HIGH(2*@0+(@1))
                 	CALL __GETW1PF
                 	ICALL
                 	.ENDM
                 
                 	.MACRO __CALL2EN
                 	LDI  R26,LOW(@0+(@1))
                 	LDI  R27,HIGH(@0+(@1))
                 	CALL __EEPROMRDW
                 	ICALL
                 	.ENDM
                 
                 	.MACRO __GETW1STACK
                 	IN   R26,SPL
                 	IN   R27,SPH
                 	ADIW R26,@0+1
                 	LD   R30,X+
                 	LD   R31,X
                 	.ENDM
                 
                 	.MACRO __GETD1STACK
                 	IN   R26,SPL
                 	IN   R27,SPH
                 	ADIW R26,@0+1
                 	LD   R30,X+
                 	LD   R31,X+
                 	LD   R22,X
                 	.ENDM
                 
                 	.MACRO __NBST
                 	BST  R@0,@1
                 	IN   R30,SREG
                 	LDI  R31,0x40
                 	EOR  R30,R31
                 	OUT  SREG,R30
                 	.ENDM
                 
                 
                 	.MACRO __PUTB1SN
                 	LDD  R26,Y+@0
                 	LDD  R27,Y+@0+1
                 	SUBI R26,LOW(-@1)
                 	SBCI R27,HIGH(-@1)
                 	ST   X,R30
                 	.ENDM
                 
                 	.MACRO __PUTW1SN
                 	LDD  R26,Y+@0
                 	LDD  R27,Y+@0+1
                 	SUBI R26,LOW(-@1)
                 	SBCI R27,HIGH(-@1)
                 	ST   X+,R30
                 	ST   X,R31
                 	.ENDM
                 
                 	.MACRO __PUTD1SN
                 	LDD  R26,Y+@0
                 	LDD  R27,Y+@0+1
                 	SUBI R26,LOW(-@1)
                 	SBCI R27,HIGH(-@1)
                 	CALL __PUTDP1
                 	.ENDM
                 
                 	.MACRO __PUTB1SNS
                 	LDD  R26,Y+@0
                 	LDD  R27,Y+@0+1
                 	ADIW R26,@1
                 	ST   X,R30
                 	.ENDM
                 
                 	.MACRO __PUTW1SNS
                 	LDD  R26,Y+@0
                 	LDD  R27,Y+@0+1
                 	ADIW R26,@1
                 	ST   X+,R30
                 	ST   X,R31
                 	.ENDM
                 
                 	.MACRO __PUTD1SNS
                 	LDD  R26,Y+@0
                 	LDD  R27,Y+@0+1
                 	ADIW R26,@1
                 	CALL __PUTDP1
                 	.ENDM
                 
                 	.MACRO __PUTB1PMN
                 	LDS  R26,@0
                 	LDS  R27,@0+1
                 	SUBI R26,LOW(-@1)
                 	SBCI R27,HIGH(-@1)
                 	ST   X,R30
                 	.ENDM
                 
                 	.MACRO __PUTW1PMN
                 	LDS  R26,@0
                 	LDS  R27,@0+1
                 	SUBI R26,LOW(-@1)
                 	SBCI R27,HIGH(-@1)
                 	ST   X+,R30
                 	ST   X,R31
                 	.ENDM
                 
                 	.MACRO __PUTD1PMN
                 	LDS  R26,@0
                 	LDS  R27,@0+1
                 	SUBI R26,LOW(-@1)
                 	SBCI R27,HIGH(-@1)
                 	CALL __PUTDP1
                 	.ENDM
                 
                 	.MACRO __PUTB1PMNS
                 	LDS  R26,@0
                 	LDS  R27,@0+1
                 	ADIW R26,@1
                 	ST   X,R30
                 	.ENDM
                 
                 	.MACRO __PUTW1PMNS
                 	LDS  R26,@0
                 	LDS  R27,@0+1
                 	ADIW R26,@1
                 	ST   X+,R30
                 	ST   X,R31
                 	.ENDM
                 
                 	.MACRO __PUTD1PMNS
                 	LDS  R26,@0
                 	LDS  R27,@0+1
                 	ADIW R26,@1
                 	CALL __PUTDP1
                 	.ENDM
                 
                 	.MACRO __PUTB1RN
                 	MOVW R26,R@0
                 	SUBI R26,LOW(-@1)
                 	SBCI R27,HIGH(-@1)
                 	ST   X,R30
                 	.ENDM
                 
                 	.MACRO __PUTW1RN
                 	MOVW R26,R@0
                 	SUBI R26,LOW(-@1)
                 	SBCI R27,HIGH(-@1)
                 	ST   X+,R30
                 	ST   X,R31
                 	.ENDM
                 
                 	.MACRO __PUTD1RN
                 	MOVW R26,R@0
                 	SUBI R26,LOW(-@1)
                 	SBCI R27,HIGH(-@1)
                 	CALL __PUTDP1
                 	.ENDM
                 
                 	.MACRO __PUTB1RNS
                 	MOVW R26,R@0
                 	ADIW R26,@1
                 	ST   X,R30
                 	.ENDM
                 
                 	.MACRO __PUTW1RNS
                 	MOVW R26,R@0
                 	ADIW R26,@1
                 	ST   X+,R30
                 	ST   X,R31
                 	.ENDM
                 
                 	.MACRO __PUTD1RNS
                 	MOVW R26,R@0
                 	ADIW R26,@1
                 	CALL __PUTDP1
                 	.ENDM
                 
                 	.MACRO __PUTB1RON
                 	MOV  R26,R@0
                 	MOV  R27,R@1
                 	SUBI R26,LOW(-@2)
                 	SBCI R27,HIGH(-@2)
                 	ST   X,R30
                 	.ENDM
                 
                 	.MACRO __PUTW1RON
                 	MOV  R26,R@0
                 	MOV  R27,R@1
                 	SUBI R26,LOW(-@2)
                 	SBCI R27,HIGH(-@2)
                 	ST   X+,R30
                 	ST   X,R31
                 	.ENDM
                 
                 	.MACRO __PUTD1RON
                 	MOV  R26,R@0
                 	MOV  R27,R@1
                 	SUBI R26,LOW(-@2)
                 	SBCI R27,HIGH(-@2)
                 	CALL __PUTDP1
                 	.ENDM
                 
                 	.MACRO __PUTB1RONS
                 	MOV  R26,R@0
                 	MOV  R27,R@1
                 	ADIW R26,@2
                 	ST   X,R30
                 	.ENDM
                 
                 	.MACRO __PUTW1RONS
                 	MOV  R26,R@0
                 	MOV  R27,R@1
                 	ADIW R26,@2
                 	ST   X+,R30
                 	ST   X,R31
                 	.ENDM
                 
                 	.MACRO __PUTD1RONS
                 	MOV  R26,R@0
                 	MOV  R27,R@1
                 	ADIW R26,@2
                 	CALL __PUTDP1
                 	.ENDM
                 
                 
                 	.MACRO __GETB1SX
                 	MOVW R30,R28
                 	SUBI R30,LOW(-@0)
                 	SBCI R31,HIGH(-@0)
                 	LD   R30,Z
                 	.ENDM
                 
                 	.MACRO __GETB1HSX
                 	MOVW R30,R28
                 	SUBI R30,LOW(-@0)
                 	SBCI R31,HIGH(-@0)
                 	LD   R31,Z
                 	.ENDM
                 
                 	.MACRO __GETW1SX
                 	MOVW R30,R28
                 	SUBI R30,LOW(-@0)
                 	SBCI R31,HIGH(-@0)
                 	LD   R0,Z+
                 	LD   R31,Z
                 	MOV  R30,R0
                 	.ENDM
                 
                 	.MACRO __GETD1SX
                 	MOVW R30,R28
                 	SUBI R30,LOW(-@0)
                 	SBCI R31,HIGH(-@0)
                 	LD   R0,Z+
                 	LD   R1,Z+
                 	LD   R22,Z+
                 	LD   R23,Z
                 	MOVW R30,R0
                 	.ENDM
                 
                 	.MACRO __GETB2SX
                 	MOVW R26,R28
                 	SUBI R26,LOW(-@0)
                 	SBCI R27,HIGH(-@0)
                 	LD   R26,X
                 	.ENDM
                 
                 	.MACRO __GETW2SX
                 	MOVW R26,R28
                 	SUBI R26,LOW(-@0)
                 	SBCI R27,HIGH(-@0)
                 	LD   R0,X+
                 	LD   R27,X
                 	MOV  R26,R0
                 	.ENDM
                 
                 	.MACRO __GETD2SX
                 	MOVW R26,R28
                 	SUBI R26,LOW(-@0)
                 	SBCI R27,HIGH(-@0)
                 	LD   R0,X+
                 	LD   R1,X+
                 	LD   R24,X+
                 	LD   R25,X
                 	MOVW R26,R0
                 	.ENDM
                 
                 	.MACRO __GETBRSX
                 	MOVW R30,R28
                 	SUBI R30,LOW(-@1)
                 	SBCI R31,HIGH(-@1)
                 	LD   R@0,Z
                 	.ENDM
                 
                 	.MACRO __GETWRSX
                 	MOVW R30,R28
                 	SUBI R30,LOW(-@2)
                 	SBCI R31,HIGH(-@2)
                 	LD   R@0,Z+
                 	LD   R@1,Z
                 	.ENDM
                 
                 	.MACRO __GETBRSX2
                 	MOVW R26,R28
                 	SUBI R26,LOW(-@1)
                 	SBCI R27,HIGH(-@1)
                 	LD   R@0,X
                 	.ENDM
                 
                 	.MACRO __GETWRSX2
                 	MOVW R26,R28
                 	SUBI R26,LOW(-@2)
                 	SBCI R27,HIGH(-@2)
                 	LD   R@0,X+
                 	LD   R@1,X
                 	.ENDM
                 
                 	.MACRO __LSLW8SX
                 	MOVW R30,R28
                 	SUBI R30,LOW(-@0)
                 	SBCI R31,HIGH(-@0)
                 	LD   R31,Z
                 	CLR  R30
                 	.ENDM
                 
                 	.MACRO __PUTB1SX
                 	MOVW R26,R28
                 	SUBI R26,LOW(-@0)
                 	SBCI R27,HIGH(-@0)
                 	ST   X,R30
                 	.ENDM
                 
                 	.MACRO __PUTW1SX
                 	MOVW R26,R28
                 	SUBI R26,LOW(-@0)
                 	SBCI R27,HIGH(-@0)
                 	ST   X+,R30
                 	ST   X,R31
                 	.ENDM
                 
                 	.MACRO __PUTD1SX
                 	MOVW R26,R28
                 	SUBI R26,LOW(-@0)
                 	SBCI R27,HIGH(-@0)
                 	ST   X+,R30
                 	ST   X+,R31
                 	ST   X+,R22
                 	ST   X,R23
                 	.ENDM
                 
                 	.MACRO __CLRW1SX
                 	MOVW R26,R28
                 	SUBI R26,LOW(-@0)
                 	SBCI R27,HIGH(-@0)
                 	ST   X+,R30
                 	ST   X,R30
                 	.ENDM
                 
                 	.MACRO __CLRD1SX
                 	MOVW R26,R28
                 	SUBI R26,LOW(-@0)
                 	SBCI R27,HIGH(-@0)
                 	ST   X+,R30
                 	ST   X+,R30
                 	ST   X+,R30
                 	ST   X,R30
                 	.ENDM
                 
                 	.MACRO __PUTB2SX
                 	MOVW R30,R28
                 	SUBI R30,LOW(-@0)
                 	SBCI R31,HIGH(-@0)
                 	ST   Z,R26
                 	.ENDM
                 
                 	.MACRO __PUTW2SX
                 	MOVW R30,R28
                 	SUBI R30,LOW(-@0)
                 	SBCI R31,HIGH(-@0)
                 	ST   Z+,R26
                 	ST   Z,R27
                 	.ENDM
                 
                 	.MACRO __PUTD2SX
                 	MOVW R30,R28
                 	SUBI R30,LOW(-@0)
                 	SBCI R31,HIGH(-@0)
                 	ST   Z+,R26
                 	ST   Z+,R27
                 	ST   Z+,R24
                 	ST   Z,R25
                 	.ENDM
                 
                 	.MACRO __PUTBSRX
                 	MOVW R30,R28
                 	SUBI R30,LOW(-@1)
                 	SBCI R31,HIGH(-@1)
                 	ST   Z,R@0
                 	.ENDM
                 
                 	.MACRO __PUTWSRX
                 	MOVW R30,R28
                 	SUBI R30,LOW(-@2)
                 	SBCI R31,HIGH(-@2)
                 	ST   Z+,R@0
                 	ST   Z,R@1
                 	.ENDM
                 
                 	.MACRO __PUTB1SNX
                 	MOVW R26,R28
                 	SUBI R26,LOW(-@0)
                 	SBCI R27,HIGH(-@0)
                 	LD   R0,X+
                 	LD   R27,X
                 	MOV  R26,R0
                 	SUBI R26,LOW(-@1)
                 	SBCI R27,HIGH(-@1)
                 	ST   X,R30
                 	.ENDM
                 
                 	.MACRO __PUTW1SNX
                 	MOVW R26,R28
                 	SUBI R26,LOW(-@0)
                 	SBCI R27,HIGH(-@0)
                 	LD   R0,X+
                 	LD   R27,X
                 	MOV  R26,R0
                 	SUBI R26,LOW(-@1)
                 	SBCI R27,HIGH(-@1)
                 	ST   X+,R30
                 	ST   X,R31
                 	.ENDM
                 
                 	.MACRO __PUTD1SNX
                 	MOVW R26,R28
                 	SUBI R26,LOW(-@0)
                 	SBCI R27,HIGH(-@0)
                 	LD   R0,X+
                 	LD   R27,X
                 	MOV  R26,R0
                 	SUBI R26,LOW(-@1)
                 	SBCI R27,HIGH(-@1)
                 	ST   X+,R30
                 	ST   X+,R31
                 	ST   X+,R22
                 	ST   X,R23
                 	.ENDM
                 
                 	.MACRO __MULBRR
                 	MULS R@0,R@1
                 	MOVW R30,R0
                 	.ENDM
                 
                 	.MACRO __MULBRRU
                 	MUL  R@0,R@1
                 	MOVW R30,R0
                 	.ENDM
                 
                 	.MACRO __MULBRR0
                 	MULS R@0,R@1
                 	.ENDM
                 
                 	.MACRO __MULBRRU0
                 	MUL  R@0,R@1
                 	.ENDM
                 
                 	.MACRO __MULBNWRU
                 	LDI  R26,@2
                 	MUL  R26,R@0
                 	MOVW R30,R0
                 	MUL  R26,R@1
                 	ADD  R31,R0
                 	.ENDM
                 
                 ;NAME DEFINITIONS FOR GLOBAL VARIABLES ALLOCATED TO REGISTERS
                 	.DEF _b=R4
                 	.DEF __lcd_x=R7
                 	.DEF __lcd_y=R6
                 	.DEF __lcd_maxx=R9
                 
                 	.CSEG
                 	.ORG 0x00
                 
                 ;START OF CODE MARKER
                 __START_OF_CODE:
                 
                 ;INTERRUPT VECTORS
000000 940c 004d 	JMP  __RESET
000002 940c 0000 	JMP  0x00
000004 940c 0000 	JMP  0x00
000006 940c 0000 	JMP  0x00
000008 940c 0000 	JMP  0x00
00000a 940c 0000 	JMP  0x00
00000c 940c 0000 	JMP  0x00
00000e 940c 0000 	JMP  0x00
000010 940c 0000 	JMP  0x00
000012 940c 0000 	JMP  0x00
000014 940c 0000 	JMP  0x00
000016 940c 0000 	JMP  0x00
000018 940c 0000 	JMP  0x00
00001a 940c 0000 	JMP  0x00
00001c 940c 0000 	JMP  0x00
00001e 940c 0000 	JMP  0x00
000020 940c 0000 	JMP  0x00
000022 940c 0000 	JMP  0x00
000024 940c 0000 	JMP  0x00
000026 940c 0000 	JMP  0x00
000028 940c 0000 	JMP  0x00
                 
                 _tbl10_G102:
00002a 2710
00002b 03e8
00002c 0064
00002d 000a      	.DB  0x10,0x27,0xE8,0x3,0x64,0x0,0xA,0x0
00002e 0001      	.DB  0x1,0x0
                 _tbl16_G102:
00002f 1000
000030 0100
000031 0010
000032 0001      	.DB  0x0,0x10,0x0,0x1,0x10,0x0,0x1,0x0
                 
                 _0x0:
000033 4441
000034 3d43
000035 6d00
000036 6f56      	.DB  0x41,0x44,0x43,0x3D,0x0,0x6D,0x56,0x6F
000037 746c
000038 003d      	.DB  0x6C,0x74,0x3D,0x0
                 _0x2000060:
C:\Users\HP\Desktop\Code 1\List\ad.asm(1116): warning: .cseg .db misalignment - padding zero byte
000039 0001      	.DB  0x1
                 _0x2000000:
00003a 4e2d
00003b 4e41
00003c 4900
00003d 464e      	.DB  0x2D,0x4E,0x41,0x4E,0x0,0x49,0x4E,0x46
C:\Users\HP\Desktop\Code 1\List\ad.asm(1119): warning: .cseg .db misalignment - padding zero byte
00003e 0000      	.DB  0x0
                 _0x2020003:
00003f c080      	.DB  0x80,0xC0
                 
                 __GLOBAL_INI_TBL:
000040 0005      	.DW  0x05
000041 0160      	.DW  _0xB
000042 0066      	.DW  _0x0*2
                 
000043 0007      	.DW  0x07
000044 0165      	.DW  _0xB+5
000045 006b      	.DW  _0x0*2+5
                 
000046 0001      	.DW  0x01
000047 0174      	.DW  __seed_G100
000048 0072      	.DW  _0x2000060*2
                 
000049 0002      	.DW  0x02
00004a 0178      	.DW  __base_y_G101
00004b 007e      	.DW  _0x2020003*2
                 
                 _0xFFFFFFFF:
00004c 0000      	.DW  0
                 
                 __RESET:
00004d 94f8      	CLI
00004e 27ee      	CLR  R30
00004f bbec      	OUT  EECR,R30
                 
                 ;INTERRUPT VECTORS ARE PLACED
                 ;AT THE START OF FLASH
000050 e0f1      	LDI  R31,1
000051 bffb      	OUT  GICR,R31
000052 bfeb      	OUT  GICR,R30
000053 bfe5      	OUT  MCUCR,R30
                 
                 ;DISABLE WATCHDOG
000054 e1f8      	LDI  R31,0x18
000055 bdf1      	OUT  WDTCR,R31
000056 bde1      	OUT  WDTCR,R30
                 
                 ;CLEAR R2-R14
000057 e08d      	LDI  R24,(14-2)+1
000058 e0a2      	LDI  R26,2
000059 27bb      	CLR  R27
                 __CLEAR_REG:
00005a 93ed      	ST   X+,R30
00005b 958a      	DEC  R24
00005c f7e9      	BRNE __CLEAR_REG
                 
                 ;CLEAR SRAM
00005d e080      	LDI  R24,LOW(__CLEAR_SRAM_SIZE)
00005e e094      	LDI  R25,HIGH(__CLEAR_SRAM_SIZE)
00005f e6a0      	LDI  R26,__SRAM_START
                 __CLEAR_SRAM:
000060 93ed      	ST   X+,R30
000061 9701      	SBIW R24,1
000062 f7e9      	BRNE __CLEAR_SRAM
                 
                 ;GLOBAL VARIABLES INITIALIZATION
000063 e8e0      	LDI  R30,LOW(__GLOBAL_INI_TBL*2)
000064 e0f0      	LDI  R31,HIGH(__GLOBAL_INI_TBL*2)
                 __GLOBAL_INI_NEXT:
000065 9185      	LPM  R24,Z+
000066 9195      	LPM  R25,Z+
000067 9700      	SBIW R24,0
000068 f061      	BREQ __GLOBAL_INI_END
000069 91a5      	LPM  R26,Z+
00006a 91b5      	LPM  R27,Z+
00006b 9005      	LPM  R0,Z+
00006c 9015      	LPM  R1,Z+
00006d 01bf      	MOVW R22,R30
00006e 01f0      	MOVW R30,R0
                 __GLOBAL_INI_LOOP:
00006f 9005      	LPM  R0,Z+
000070 920d      	ST   X+,R0
000071 9701      	SBIW R24,1
000072 f7e1      	BRNE __GLOBAL_INI_LOOP
000073 01fb      	MOVW R30,R22
000074 cff0      	RJMP __GLOBAL_INI_NEXT
                 __GLOBAL_INI_END:
                 
                 ;HARDWARE STACK POINTER INITIALIZATION
000075 e5ef      	LDI  R30,LOW(__SRAM_END-__HEAP_SIZE)
000076 bfed      	OUT  SPL,R30
000077 e0e4      	LDI  R30,HIGH(__SRAM_END-__HEAP_SIZE)
000078 bfee      	OUT  SPH,R30
                 
                 ;DATA STACK POINTER INITIALIZATION
000079 e6c0      	LDI  R28,LOW(__SRAM_START+__DSTACK_SIZE)
00007a e0d1      	LDI  R29,HIGH(__SRAM_START+__DSTACK_SIZE)
                 
00007b 940c 007d 	JMP  _main
                 
                 	.ESEG
                 	.ORG 0
                 
                 	.DSEG
                 	.ORG 0x160
                 
                 	.CSEG
                 ;/*****************************************************
                 ;This program was produced by the
                 ;CodeWizardAVR V2.05.3 Standard
                 ;Automatic Program Generator
                 ;© Copyright 1998-2011 Pavel Haiduc, HP InfoTech s.r.l.
                 ;http://www.hpinfotech.com
                 ;
                 ;Project :  ADC
                 ;Version :
                 ;Date    : 03/01/2020
                 ;Author  : HP
                 ;Company :
                 ;Comments:
                 ;
                 ;
                 ;Chip type               : ATmega16
                 ;Program type            : Application
                 ;AVR Core Clock frequency: 8.000000 MHz
                 ;Memory model            : Small
                 ;External RAM size       : 0
                 ;Data Stack size         : 256
                 ;*****************************************************/
                 ;
                 ;#include <mega16.h>
                 	#ifndef __SLEEP_DEFINED__
                 	#define __SLEEP_DEFINED__
                 	.EQU __se_bit=0x40
                 	.EQU __sm_mask=0xB0
                 	.EQU __sm_powerdown=0x20
                 	.EQU __sm_powersave=0x30
                 	.EQU __sm_standby=0xA0
                 	.EQU __sm_ext_standby=0xB0
                 	.EQU __sm_adc_noise_red=0x10
                 	.SET power_ctrl_reg=mcucr
                 	#endif
                 ;#include <stdlib.h>
                 ;#include <delay.h>
                 ;// Alphanumeric LCD functions
                 ;#include <alcd.h>
                 ;unsigned long int a,volt;
                 ;unsigned char *b;
                 ;// Standard Input/Output functions
                 ;#include <stdio.h>
                 ;
                 ;
                 ;
                 ;// Declare your global variables here
                 ;
                 ;void main(void)
                 ; 0000 0027 {
                 
                 	.CSEG
                 _main:
                 ; 0000 0028 // Declare your local variables here
                 ; 0000 0029 
                 ; 0000 002A // Input/Output Ports initialization
                 ; 0000 002B // Port A initialization
                 ; 0000 002C // Func7=In Func6=In Func5=In Func4=In Func3=In Func2=In Func1=In Func0=In
                 ; 0000 002D // State7=T State6=T State5=T State4=T State3=T State2=T State1=T State0=T
                 ; 0000 002E PORTA=0x00;
00007d e0e0      	LDI  R30,LOW(0)
00007e bbeb      	OUT  0x1B,R30
                 ; 0000 002F DDRA=0x00;
00007f bbea      	OUT  0x1A,R30
                 ; 0000 0030 
                 ; 0000 0031 // Port B initialization
                 ; 0000 0032 // Func7=In Func6=In Func5=In Func4=In Func3=In Func2=In Func1=In Func0=In
                 ; 0000 0033 // State7=T State6=T State5=T State4=T State3=T State2=T State1=T State0=T
                 ; 0000 0034 PORTB=0x00;
000080 bbe8      	OUT  0x18,R30
                 ; 0000 0035 DDRB=0x00;
000081 bbe7      	OUT  0x17,R30
                 ; 0000 0036 
                 ; 0000 0037 // Port C initialization
                 ; 0000 0038 // Func7=In Func6=In Func5=In Func4=In Func3=In Func2=In Func1=In Func0=In
                 ; 0000 0039 // State7=T State6=T State5=T State4=T State3=T State2=T State1=T State0=T
                 ; 0000 003A PORTC=0x00;
000082 bbe5      	OUT  0x15,R30
                 ; 0000 003B DDRC=0x00;
000083 bbe4      	OUT  0x14,R30
                 ; 0000 003C 
                 ; 0000 003D // Port D initialization
                 ; 0000 003E // Func7=In Func6=In Func5=In Func4=In Func3=In Func2=In Func1=In Func0=In
                 ; 0000 003F // State7=T State6=T State5=T State4=T State3=T State2=T State1=T State0=T
                 ; 0000 0040 PORTD=0x00;
000084 bbe2      	OUT  0x12,R30
                 ; 0000 0041 DDRD=0x00;
000085 bbe1      	OUT  0x11,R30
                 ; 0000 0042 
                 ; 0000 0043 // Timer/Counter 0 initialization
                 ; 0000 0044 // Clock source: System Clock
                 ; 0000 0045 // Clock value: Timer 0 Stopped
                 ; 0000 0046 // Mode: Normal top=0xFF
                 ; 0000 0047 // OC0 output: Disconnected
                 ; 0000 0048 TCCR0=0x00;
000086 bfe3      	OUT  0x33,R30
                 ; 0000 0049 TCNT0=0x00;
000087 bfe2      	OUT  0x32,R30
                 ; 0000 004A OCR0=0x00;
000088 bfec      	OUT  0x3C,R30
                 ; 0000 004B 
                 ; 0000 004C // Timer/Counter 1 initialization
                 ; 0000 004D // Clock source: System Clock
                 ; 0000 004E // Clock value: Timer1 Stopped
                 ; 0000 004F // Mode: Normal top=0xFFFF
                 ; 0000 0050 // OC1A output: Discon.
                 ; 0000 0051 // OC1B output: Discon.
                 ; 0000 0052 // Noise Canceler: Off
                 ; 0000 0053 // Input Capture on Falling Edge
                 ; 0000 0054 // Timer1 Overflow Interrupt: Off
                 ; 0000 0055 // Input Capture Interrupt: Off
                 ; 0000 0056 // Compare A Match Interrupt: Off
                 ; 0000 0057 // Compare B Match Interrupt: Off
                 ; 0000 0058 TCCR1A=0x00;
000089 bdef      	OUT  0x2F,R30
                 ; 0000 0059 TCCR1B=0x00;
00008a bdee      	OUT  0x2E,R30
                 ; 0000 005A TCNT1H=0x00;
00008b bded      	OUT  0x2D,R30
                 ; 0000 005B TCNT1L=0x00;
00008c bdec      	OUT  0x2C,R30
                 ; 0000 005C ICR1H=0x00;
00008d bde7      	OUT  0x27,R30
                 ; 0000 005D ICR1L=0x00;
00008e bde6      	OUT  0x26,R30
                 ; 0000 005E OCR1AH=0x00;
00008f bdeb      	OUT  0x2B,R30
                 ; 0000 005F OCR1AL=0x00;
000090 bdea      	OUT  0x2A,R30
                 ; 0000 0060 OCR1BH=0x00;
000091 bde9      	OUT  0x29,R30
                 ; 0000 0061 OCR1BL=0x00;
000092 bde8      	OUT  0x28,R30
                 ; 0000 0062 
                 ; 0000 0063 // Timer/Counter 2 initialization
                 ; 0000 0064 // Clock source: System Clock
                 ; 0000 0065 // Clock value: Timer2 Stopped
                 ; 0000 0066 // Mode: Normal top=0xFF
                 ; 0000 0067 // OC2 output: Disconnected
                 ; 0000 0068 ASSR=0x00;
000093 bde2      	OUT  0x22,R30
                 ; 0000 0069 TCCR2=0x00;
000094 bde5      	OUT  0x25,R30
                 ; 0000 006A TCNT2=0x00;
000095 bde4      	OUT  0x24,R30
                 ; 0000 006B OCR2=0x00;
000096 bde3      	OUT  0x23,R30
                 ; 0000 006C 
                 ; 0000 006D // External Interrupt(s) initialization
                 ; 0000 006E // INT0: Off
                 ; 0000 006F // INT1: Off
                 ; 0000 0070 // INT2: Off
                 ; 0000 0071 MCUCR=0x00;
000097 bfe5      	OUT  0x35,R30
                 ; 0000 0072 MCUCSR=0x00;
000098 bfe4      	OUT  0x34,R30
                 ; 0000 0073 
                 ; 0000 0074 // Timer(s)/Counter(s) Interrupt(s) initialization
                 ; 0000 0075 TIMSK=0x00;
000099 bfe9      	OUT  0x39,R30
                 ; 0000 0076 
                 ; 0000 0077 // USART initialization
                 ; 0000 0078 // Communication Parameters: 8 Data, 1 Stop, No Parity
                 ; 0000 0079 // USART Receiver: Off
                 ; 0000 007A // USART Transmitter: On
                 ; 0000 007B // USART Mode: Asynchronous
                 ; 0000 007C // USART Baud Rate: 9600
                 ; 0000 007D UCSRA=0x00;
00009a b9eb      	OUT  0xB,R30
                 ; 0000 007E UCSRB=0x08;
00009b e0e8      	LDI  R30,LOW(8)
00009c b9ea      	OUT  0xA,R30
                 ; 0000 007F UCSRC=0x86;
00009d e8e6      	LDI  R30,LOW(134)
00009e bde0      	OUT  0x20,R30
                 ; 0000 0080 UBRRH=0x00;
00009f e0e0      	LDI  R30,LOW(0)
0000a0 bde0      	OUT  0x20,R30
                 ; 0000 0081 UBRRL=0x33;
0000a1 e3e3      	LDI  R30,LOW(51)
0000a2 b9e9      	OUT  0x9,R30
                 ; 0000 0082 
                 ; 0000 0083 // Analog Comparator initialization
                 ; 0000 0084 // Analog Comparator: Off
                 ; 0000 0085 // Analog Comparator Input Capture by Timer/Counter 1: Off
                 ; 0000 0086 ACSR=0x80;
0000a3 e8e0      	LDI  R30,LOW(128)
0000a4 b9e8      	OUT  0x8,R30
                 ; 0000 0087 SFIOR=0x00;
0000a5 e0e0      	LDI  R30,LOW(0)
0000a6 bfe0      	OUT  0x30,R30
                 ; 0000 0088 
                 ; 0000 0089 // ADC initialization
                 ; 0000 008A // ADC Clock frequency: 125.000 kHz
                 ; 0000 008B // ADC Voltage Reference: AREF pin
                 ; 0000 008C // ADC Auto Trigger Source: ADC Stopped
                 ; 0000 008D // Only the 8 most significant bits of
                 ; 0000 008E // the AD conversion result are used
                 ; 0000 008F ADMUX=0x22;
0000a7 e2e2      	LDI  R30,LOW(34)
0000a8 b9e7      	OUT  0x7,R30
                 ; 0000 0090 ADCSRA=0x86;
0000a9 e8e6      	LDI  R30,LOW(134)
0000aa b9e6      	OUT  0x6,R30
                 ; 0000 0091 
                 ; 0000 0092 // SPI initialization
                 ; 0000 0093 // SPI disabled
                 ; 0000 0094 SPCR=0x00;
0000ab e0e0      	LDI  R30,LOW(0)
0000ac b9ed      	OUT  0xD,R30
                 ; 0000 0095 
                 ; 0000 0096 // TWI initialization
                 ; 0000 0097 // TWI disabled
                 ; 0000 0098 TWCR=0x00;
0000ad bfe6      	OUT  0x36,R30
                 ; 0000 0099 
                 ; 0000 009A // Alphanumeric LCD initialization
                 ; 0000 009B // Connections are specified in the
                 ; 0000 009C // Project|Configure|C Compiler|Libraries|Alphanumeric LCD menu:
                 ; 0000 009D // RS - PORTC Bit 0
                 ; 0000 009E // RD - PORTC Bit 1
                 ; 0000 009F // EN - PORTC Bit 2
                 ; 0000 00A0 // D4 - PORTC Bit 4
                 ; 0000 00A1 // D5 - PORTC Bit 5
                 ; 0000 00A2 // D6 - PORTC Bit 6
                 ; 0000 00A3 // D7 - PORTC Bit 7
                 ; 0000 00A4 // Characters/line: 16
                 ; 0000 00A5 lcd_init(16);
0000ae e1a0      	LDI  R26,LOW(16)
0000af 940e 019c 	CALL _lcd_init
                 ; 0000 00A6 
                 ; 0000 00A7 while (1)
                 _0x3:
                 ; 0000 00A8       {
                 ; 0000 00A9      ADCSRA.6=1;
0000b1 9a36      	SBI  0x6,6
                 ; 0000 00AA           while (ADCSRA.4==0) {};
                 _0x8:
0000b2 9b34      	SBIS 0x6,4
0000b3 cffe      	RJMP _0x8
                 ; 0000 00AB           a=ADCH;
0000b4 b1e5      	IN   R30,0x5
0000b5 27ff      	CLR  R31
0000b6 2766      	CLR  R22
0000b7 2777      	CLR  R23
0000b8 93e0 016c 	STS  _a,R30
0000ba 93f0 016d 	STS  _a+1,R31
0000bc 9360 016e 	STS  _a+2,R22
0000be 9370 016f 	STS  _a+3,R23
                 ; 0000 00AC 
                 ; 0000 00AD           volt=(5000*a)/256;
                +
0000c0 e8a8     +LDI R26 , LOW ( 0x1388 )
0000c1 e1b3     +LDI R27 , HIGH ( 0x1388 )
0000c2 e080     +LDI R24 , BYTE3 ( 0x1388 )
0000c3 e090     +LDI R25 , BYTE4 ( 0x1388 )
                 	__GETD2N 0x1388
0000c4 940e 01de 	CALL __MULD12U
0000c6 01df      	MOVW R26,R30
0000c7 01cb      	MOVW R24,R22
                +
0000c8 e0e0     +LDI R30 , LOW ( 0x100 )
0000c9 e0f1     +LDI R31 , HIGH ( 0x100 )
0000ca e060     +LDI R22 , BYTE3 ( 0x100 )
0000cb e070     +LDI R23 , BYTE4 ( 0x100 )
                 	__GETD1N 0x100
0000cc 940e 01fe 	CALL __DIVD21U
0000ce 93e0 0170 	STS  _volt,R30
0000d0 93f0 0171 	STS  _volt+1,R31
0000d2 9360 0172 	STS  _volt+2,R22
0000d4 9370 0173 	STS  _volt+3,R23
                 ; 0000 00AE           itoa(a,b);
0000d6 91e0 016c 	LDS  R30,_a
0000d8 91f0 016d 	LDS  R31,_a+1
0000da 93fa      	ST   -Y,R31
0000db 93ea      	ST   -Y,R30
0000dc 01d2      	MOVW R26,R4
0000dd 940e 010b 	CALL _itoa
                 ; 0000 00AF           lcd_puts("ADC=");
                +
0000df e6a0     +LDI R26 , LOW ( _0xB + ( 0 ) )
0000e0 e0b1     +LDI R27 , HIGH ( _0xB + ( 0 ) )
                 	__POINTW2MN _0xB,0
0000e1 940e 018b 	CALL _lcd_puts
                 ; 0000 00B0           lcd_puts(b);
0000e3 01d2      	MOVW R26,R4
0000e4 940e 018b 	CALL _lcd_puts
                 ; 0000 00B1           lcd_gotoxy(0,1);
0000e6 e0e0      	LDI  R30,LOW(0)
0000e7 93ea      	ST   -Y,R30
0000e8 e0a1      	LDI  R26,LOW(1)
0000e9 940e 0159 	CALL _lcd_gotoxy
                 ; 0000 00B2           itoa(volt,b);
0000eb 91e0 0170 	LDS  R30,_volt
0000ed 91f0 0171 	LDS  R31,_volt+1
0000ef 93fa      	ST   -Y,R31
0000f0 93ea      	ST   -Y,R30
0000f1 01d2      	MOVW R26,R4
0000f2 940e 010b 	CALL _itoa
                 ; 0000 00B3           lcd_puts("mVolt=");
                +
0000f4 e6a5     +LDI R26 , LOW ( _0xB + ( 5 ) )
0000f5 e0b1     +LDI R27 , HIGH ( _0xB + ( 5 ) )
                 	__POINTW2MN _0xB,5
0000f6 940e 018b 	CALL _lcd_puts
                 ; 0000 00B4           lcd_puts(b);
0000f8 01d2      	MOVW R26,R4
0000f9 940e 018b 	CALL _lcd_puts
                 ; 0000 00B5           delay_ms(1000);
0000fb eea8      	LDI  R26,LOW(1000)
0000fc e0b3      	LDI  R27,HIGH(1000)
0000fd 940e 01d4 	CALL _delay_ms
                 ; 0000 00B6           lcd_clear();
0000ff 940e 0166 	CALL _lcd_clear
                 ; 0000 00B7           delay_ms(100);
000101 e6a4      	LDI  R26,LOW(100)
000102 940e 01c9 	CALL SUBOPT_0x0
                 ; 0000 00B8 
                 ; 0000 00B9            while (UCSRA.5==0) {};
                 _0xC:
000104 9b5d      	SBIS 0xB,5
000105 cffe      	RJMP _0xC
                 ; 0000 00BA            UDR=a;
000106 91e0 016c 	LDS  R30,_a
000108 b9ec      	OUT  0xC,R30
                 ; 0000 00BB 
                 ; 0000 00BC 
                 ; 0000 00BD       }
000109 cfa7      	RJMP _0x3
                 ; 0000 00BE }
                 _0xF:
00010a cfff      	RJMP _0xF
                 
                 	.DSEG
                 _0xB:
000160           	.BYTE 0xC
                 
                 	.CSEG
                 _itoa:
00010b 93ba      	ST   -Y,R27
00010c 93aa      	ST   -Y,R26
00010d 91a9          ld   r26,y+
00010e 91b9          ld   r27,y+
00010f 91e9          ld   r30,y+
000110 91f9          ld   r31,y+
000111 9630          adiw r30,0
000112 f42a          brpl __itoa0
000113 95e0          com  r30
000114 95f0          com  r31
000115 9631          adiw r30,1
000116 e26d          ldi  r22,'-'
000117 936d          st   x+,r22
                 __itoa0:
000118 94e8          clt
000119 e180          ldi  r24,low(10000)
00011a e297          ldi  r25,high(10000)
00011b d00d          rcall __itoa1
00011c ee88          ldi  r24,low(1000)
00011d e093          ldi  r25,high(1000)
00011e d00a          rcall __itoa1
00011f e684          ldi  r24,100
000120 2799          clr  r25
000121 d007          rcall __itoa1
000122 e08a          ldi  r24,10
000123 d005          rcall __itoa1
000124 2f6e          mov  r22,r30
000125 d010          rcall __itoa5
000126 2766          clr  r22
000127 936c          st   x,r22
000128 9508          ret
                 
                 __itoa1:
000129 2766          clr	 r22
                 __itoa2:
00012a 17e8          cp   r30,r24
00012b 07f9          cpc  r31,r25
00012c f020          brlo __itoa3
00012d 9563          inc  r22
00012e 1be8          sub  r30,r24
00012f 0bf9          sbc  r31,r25
000130 f7c9          brne __itoa2
                 __itoa3:
000131 2366          tst  r22
000132 f411          brne __itoa4
000133 f016          brts __itoa5
000134 9508          ret
                 __itoa4:
000135 9468          set
                 __itoa5:
000136 5d60          subi r22,-0x30
000137 936d          st   x+,r22
000138 9508          ret
                 
                 	.DSEG
                 
                 	.CSEG
                 	#ifndef __SLEEP_DEFINED__
                 	#endif
                 
                 	.DSEG
                 
                 	.CSEG
                 __lcd_write_nibble_G101:
000139 93aa      	ST   -Y,R26
00013a b3e5      	IN   R30,0x15
00013b 70ef      	ANDI R30,LOW(0xF)
00013c 2fae      	MOV  R26,R30
00013d 81e8      	LD   R30,Y
00013e 7fe0      	ANDI R30,LOW(0xF0)
00013f 2bea      	OR   R30,R26
000140 bbe5      	OUT  0x15,R30
                +
000141 e085     +LDI R24 , LOW ( 5 )
                +__DELAY_USB_LOOP :
000142 958a     +DEC R24
000143 f7f1     +BRNE __DELAY_USB_LOOP
                 	__DELAY_USB 5
000144 9aaa      	SBI  0x15,2
                +
000145 e08d     +LDI R24 , LOW ( 13 )
                +__DELAY_USB_LOOP :
000146 958a     +DEC R24
000147 f7f1     +BRNE __DELAY_USB_LOOP
                 	__DELAY_USB 13
000148 98aa      	CBI  0x15,2
                +
000149 e08d     +LDI R24 , LOW ( 13 )
                +__DELAY_USB_LOOP :
00014a 958a     +DEC R24
00014b f7f1     +BRNE __DELAY_USB_LOOP
                 	__DELAY_USB 13
00014c c07a      	RJMP _0x20C0001
                 __lcd_write_data:
00014d 93aa      	ST   -Y,R26
00014e 81a8      	LD   R26,Y
00014f dfe9      	RCALL __lcd_write_nibble_G101
000150 81e8          ld    r30,y
000151 95e2          swap  r30
000152 83e8          st    y,r30
000153 81a8      	LD   R26,Y
000154 dfe4      	RCALL __lcd_write_nibble_G101
                +
000155 e885     +LDI R24 , LOW ( 133 )
                +__DELAY_USB_LOOP :
000156 958a     +DEC R24
000157 f7f1     +BRNE __DELAY_USB_LOOP
                 	__DELAY_USB 133
000158 c06e      	RJMP _0x20C0001
                 _lcd_gotoxy:
000159 93aa      	ST   -Y,R26
00015a 81e8      	LD   R30,Y
00015b e0f0      	LDI  R31,0
00015c 58e8      	SUBI R30,LOW(-__base_y_G101)
00015d 4ffe      	SBCI R31,HIGH(-__base_y_G101)
00015e 81e0      	LD   R30,Z
00015f 81a9      	LDD  R26,Y+1
000160 0fae      	ADD  R26,R30
000161 dfeb      	RCALL __lcd_write_data
000162 8079      	LDD  R7,Y+1
000163 8068      	LDD  R6,Y+0
000164 9622      	ADIW R28,2
000165 9508      	RET
                 _lcd_clear:
000166 e0a2      	LDI  R26,LOW(2)
000167 dfe5      	RCALL __lcd_write_data
000168 e0a3      	LDI  R26,LOW(3)
000169 940e 01c9 	CALL SUBOPT_0x0
00016b e0ac      	LDI  R26,LOW(12)
00016c dfe0      	RCALL __lcd_write_data
00016d e0a1      	LDI  R26,LOW(1)
00016e dfde      	RCALL __lcd_write_data
00016f e0a3      	LDI  R26,LOW(3)
000170 940e 01c9 	CALL SUBOPT_0x0
000172 e0e0      	LDI  R30,LOW(0)
000173 2e6e      	MOV  R6,R30
000174 2e7e      	MOV  R7,R30
000175 9508      	RET
                 _lcd_putchar:
000176 93aa      	ST   -Y,R26
000177 81a8      	LD   R26,Y
000178 30aa      	CPI  R26,LOW(0xA)
000179 f011      	BREQ _0x2020005
00017a 1479      	CP   R7,R9
00017b f048      	BRLO _0x2020004
                 _0x2020005:
00017c e0e0      	LDI  R30,LOW(0)
00017d 93ea      	ST   -Y,R30
00017e 9463      	INC  R6
00017f 2da6      	MOV  R26,R6
000180 dfd8      	RCALL _lcd_gotoxy
000181 81a8      	LD   R26,Y
000182 30aa      	CPI  R26,LOW(0xA)
000183 f409      	BRNE _0x2020007
000184 c042      	RJMP _0x20C0001
                 _0x2020007:
                 _0x2020004:
000185 9473      	INC  R7
000186 9aa8      	SBI  0x15,0
000187 81a8      	LD   R26,Y
000188 dfc4      	RCALL __lcd_write_data
000189 98a8      	CBI  0x15,0
00018a c03c      	RJMP _0x20C0001
                 _lcd_puts:
00018b 93ba      	ST   -Y,R27
00018c 93aa      	ST   -Y,R26
00018d 931a      	ST   -Y,R17
                 _0x2020008:
00018e 81a9      	LDD  R26,Y+1
00018f 81ba      	LDD  R27,Y+1+1
000190 91ed      	LD   R30,X+
000191 83a9      	STD  Y+1,R26
000192 83ba      	STD  Y+1+1,R27
000193 2f1e      	MOV  R17,R30
000194 30e0      	CPI  R30,0
000195 f019      	BREQ _0x202000A
000196 2fa1      	MOV  R26,R17
000197 dfde      	RCALL _lcd_putchar
000198 cff5      	RJMP _0x2020008
                 _0x202000A:
000199 8118      	LDD  R17,Y+0
00019a 9623      	ADIW R28,3
00019b 9508      	RET
                 _lcd_init:
00019c 93aa      	ST   -Y,R26
00019d b3e4      	IN   R30,0x14
00019e 6fe0      	ORI  R30,LOW(0xF0)
00019f bbe4      	OUT  0x14,R30
0001a0 9aa2      	SBI  0x14,2
0001a1 9aa0      	SBI  0x14,0
0001a2 9aa1      	SBI  0x14,1
0001a3 98aa      	CBI  0x15,2
0001a4 98a8      	CBI  0x15,0
0001a5 98a9      	CBI  0x15,1
0001a6 8098      	LDD  R9,Y+0
0001a7 81e8      	LD   R30,Y
0001a8 58e0      	SUBI R30,-LOW(128)
                +
0001a9 93e0 017a+STS __base_y_G101 + ( 2 ) , R30
                 	__PUTB1MN __base_y_G101,2
0001ab 81e8      	LD   R30,Y
0001ac 54e0      	SUBI R30,-LOW(192)
                +
0001ad 93e0 017b+STS __base_y_G101 + ( 3 ) , R30
                 	__PUTB1MN __base_y_G101,3
0001af e1a4      	LDI  R26,LOW(20)
0001b0 940e 01c9 	CALL SUBOPT_0x0
0001b2 940e 01cc 	CALL SUBOPT_0x1
0001b4 940e 01cc 	CALL SUBOPT_0x1
0001b6 940e 01cc 	CALL SUBOPT_0x1
0001b8 e2a0      	LDI  R26,LOW(32)
0001b9 df7f      	RCALL __lcd_write_nibble_G101
                +
0001ba ec88     +LDI R24 , LOW ( 200 )
0001bb e090     +LDI R25 , HIGH ( 200 )
                +__DELAY_USW_LOOP :
0001bc 9701     +SBIW R24 , 1
0001bd f7f1     +BRNE __DELAY_USW_LOOP
                 	__DELAY_USW 200
0001be e2a8      	LDI  R26,LOW(40)
0001bf df8d      	RCALL __lcd_write_data
0001c0 e0a4      	LDI  R26,LOW(4)
0001c1 df8b      	RCALL __lcd_write_data
0001c2 e8a5      	LDI  R26,LOW(133)
0001c3 df89      	RCALL __lcd_write_data
0001c4 e0a6      	LDI  R26,LOW(6)
0001c5 df87      	RCALL __lcd_write_data
0001c6 df9f      	RCALL _lcd_clear
                 _0x20C0001:
0001c7 9621      	ADIW R28,1
0001c8 9508      	RET
                 	#ifndef __SLEEP_DEFINED__
                 	#endif
                 
                 	.CSEG
                 
                 	.CSEG
                 
                 	.CSEG
                 
                 	.CSEG
                 
                 	.DSEG
                 _a:
00016c           	.BYTE 0x4
                 _volt:
000170           	.BYTE 0x4
                 __seed_G100:
000174           	.BYTE 0x4
                 __base_y_G101:
000178           	.BYTE 0x4
                 
                 	.CSEG
                 ;OPTIMIZER ADDED SUBROUTINE, CALLED 4 TIMES, CODE SIZE REDUCTION:6 WORDS
                 SUBOPT_0x0:
0001c9 e0b0      	LDI  R27,0
0001ca 940c 01d4 	JMP  _delay_ms
                 
                 ;OPTIMIZER ADDED SUBROUTINE, CALLED 3 TIMES, CODE SIZE REDUCTION:7 WORDS
                 SUBOPT_0x1:
0001cc e3a0      	LDI  R26,LOW(48)
0001cd 940e 0139 	CALL __lcd_write_nibble_G101
                +
0001cf ec88     +LDI R24 , LOW ( 200 )
0001d0 e090     +LDI R25 , HIGH ( 200 )
                +__DELAY_USW_LOOP :
0001d1 9701     +SBIW R24 , 1
0001d2 f7f1     +BRNE __DELAY_USW_LOOP
                 	__DELAY_USW 200
0001d3 9508      	RET
                 
                 
                 	.CSEG
                 _delay_ms:
0001d4 9610      	adiw r26,0
0001d5 f039      	breq __delay_ms1
                 __delay_ms0:
                +
0001d6 ed80     +LDI R24 , LOW ( 0x7D0 )
0001d7 e097     +LDI R25 , HIGH ( 0x7D0 )
                +__DELAY_USW_LOOP :
0001d8 9701     +SBIW R24 , 1
0001d9 f7f1     +BRNE __DELAY_USW_LOOP
                 	__DELAY_USW 0x7D0
0001da 95a8      	wdr
0001db 9711      	sbiw r26,1
0001dc f7c9      	brne __delay_ms0
                 __delay_ms1:
0001dd 9508      	ret
                 
                 __MULD12U:
0001de 9f7a      	MUL  R23,R26
0001df 2d70      	MOV  R23,R0
0001e0 9f6b      	MUL  R22,R27
0001e1 0d70      	ADD  R23,R0
0001e2 9ff8      	MUL  R31,R24
0001e3 0d70      	ADD  R23,R0
0001e4 9fe9      	MUL  R30,R25
0001e5 0d70      	ADD  R23,R0
0001e6 9f6a      	MUL  R22,R26
0001e7 2d60      	MOV  R22,R0
0001e8 0d71      	ADD  R23,R1
0001e9 9ffb      	MUL  R31,R27
0001ea 0d60      	ADD  R22,R0
0001eb 1d71      	ADC  R23,R1
0001ec 9fe8      	MUL  R30,R24
0001ed 0d60      	ADD  R22,R0
0001ee 1d71      	ADC  R23,R1
0001ef 2788      	CLR  R24
0001f0 9ffa      	MUL  R31,R26
0001f1 2df0      	MOV  R31,R0
0001f2 0d61      	ADD  R22,R1
0001f3 1f78      	ADC  R23,R24
0001f4 9feb      	MUL  R30,R27
0001f5 0df0      	ADD  R31,R0
0001f6 1d61      	ADC  R22,R1
0001f7 1f78      	ADC  R23,R24
0001f8 9fea      	MUL  R30,R26
0001f9 2de0      	MOV  R30,R0
0001fa 0df1      	ADD  R31,R1
0001fb 1f68      	ADC  R22,R24
0001fc 1f78      	ADC  R23,R24
0001fd 9508      	RET
                 
                 __DIVD21U:
0001fe 933f      	PUSH R19
0001ff 934f      	PUSH R20
000200 935f      	PUSH R21
000201 2400      	CLR  R0
000202 2411      	CLR  R1
000203 2744      	CLR  R20
000204 2755      	CLR  R21
000205 e230      	LDI  R19,32
                 __DIVD21U1:
000206 0faa      	LSL  R26
000207 1fbb      	ROL  R27
000208 1f88      	ROL  R24
000209 1f99      	ROL  R25
00020a 1c00      	ROL  R0
00020b 1c11      	ROL  R1
00020c 1f44      	ROL  R20
00020d 1f55      	ROL  R21
00020e 1a0e      	SUB  R0,R30
00020f 0a1f      	SBC  R1,R31
000210 0b46      	SBC  R20,R22
000211 0b57      	SBC  R21,R23
000212 f428      	BRCC __DIVD21U2
000213 0e0e      	ADD  R0,R30
000214 1e1f      	ADC  R1,R31
000215 1f46      	ADC  R20,R22
000216 1f57      	ADC  R21,R23
000217 c001      	RJMP __DIVD21U3
                 __DIVD21U2:
000218 60a1      	SBR  R26,1
                 __DIVD21U3:
000219 953a      	DEC  R19
00021a f759      	BRNE __DIVD21U1
00021b 01fd      	MOVW R30,R26
00021c 01bc      	MOVW R22,R24
00021d 01d0      	MOVW R26,R0
00021e 01ca      	MOVW R24,R20
00021f 915f      	POP  R21
000220 914f      	POP  R20
000221 913f      	POP  R19
000222 9508      	RET
                 
                 ;END OF CODE MARKER
                 __END_OF_CODE:


RESOURCE USE INFORMATION
------------------------

Notice:
The register and instruction counts are symbol table hit counts,
and hence implicitly used resources are not counted, eg, the
'lpm' instruction without operands implicitly uses r0 and z,
none of which are counted.

x,y,z are separate entities in the symbol table and are
counted separately from r26..r31 here.

.dseg memory usage only counts static data declared with .byte

ATmega16 register use summary:
r0 :  19 r1 :  11 r2 :   0 r3 :   0 r4 :   4 r5 :   0 r6 :   4 r7 :   4 
r8 :   0 r9 :   2 r10:   0 r11:   0 r12:   0 r13:   0 r14:   0 r15:   0 
r16:   0 r17:   4 r18:   0 r19:   4 r20:   7 r21:   6 r22:  28 r23:  17 
r24:  39 r25:  13 r26:  60 r27:  16 r28:   4 r29:   1 r30: 123 r31:  27 
x  :   7 y  :  40 z  :   8 
Registers used: 23 out of 35 (65.7%)

ATmega16 instruction use summary:
.lds  :   0 .lds.l:   0 .sts  :   0 .sts.l:   0 adc   :  10 add   :  11 
adiw  :   6 and   :   0 andi  :   2 asr   :   0 bclr  :   0 bld   :   0 
brbc  :   0 brbs  :   0 brcc  :   1 brcs  :   0 break :   0 breq  :   4 
brge  :   0 brhc  :   0 brhs  :   0 brid  :   0 brie  :   0 brlo  :   2 
brlt  :   0 brmi  :   0 brne  :  15 brpl  :   1 brsh  :   0 brtc  :   0 
brts  :   1 brvc  :   0 brvs  :   0 bset  :   0 bst   :   0 call  :  20 
cbi   :   5 cbr   :   0 clc   :   0 clh   :   0 cli   :   1 cln   :   0 
clr   :  13 cls   :   0 clt   :   1 clv   :   0 clz   :   0 com   :   2 
cp    :   2 cpc   :   1 cpi   :   3 cpse  :   0 dec   :   6 des   :   0 
eor   :   0 fmul  :   0 fmuls :   0 fmulsu:   0 icall :   0 ijmp  :   0 
in    :   3 inc   :   3 jmp   :  23 ld    :  16 ldd   :   7 ldi   :  75 
lds   :   5 lpm   :   7 lsl   :   1 lsr   :   0 mov   :  11 movw  :  13 
mul   :  10 muls  :   0 mulsu :   0 neg   :   0 nop   :   0 or    :   1 
ori   :   1 out   :  50 pop   :   3 push  :   3 rcall :  20 ret   :  11 
reti  :   0 rjmp  :  11 rol   :   7 ror   :   0 sbc   :   4 sbci  :   1 
sbi   :   6 sbic  :   0 sbis  :   2 sbiw  :   7 sbr   :   1 sbrc  :   0 
sbrs  :   0 sec   :   0 seh   :   0 sei   :   0 sen   :   0 ser   :   0 
ses   :   0 set   :   1 sev   :   0 sez   :   0 sleep :   0 spm   :   0 
st    :  23 std   :   2 sts   :  10 sub   :   2 subi  :   4 swap  :   1 
tst   :   1 wdr   :   1 
Instructions used: 56 out of 116 (48.3%)

ATmega16 memory use summary [bytes]:
Segment   Begin    End      Code   Data   Used    Size   Use%
---------------------------------------------------------------
[.cseg] 0x000000 0x000446   1024     70   1094   16384   6.7%
[.dseg] 0x000060 0x00017c      0     28     28    1119   2.5%
[.eseg] 0x000000 0x000000      0      0      0     512   0.0%

Assembly complete, 0 errors, 6 warnings
